Using pre-set license
Built from '2021.1/staging' branch; Version is '2021.1.6f1 (c0fade0cc7e9) revision 12647134'; Using compiler version '192528614'; Build Type 'Release'
OS: 'Windows 10 Home; OS build 22000.527; Version 2009; 64bit' Language: 'en' Physical Memory: 16325 MB
BatchMode: 1, IsHumanControllingUs: 0, StartBugReporterOnCrash: 0, Is64bit: 1, IsPro: 0

 COMMAND LINE ARGUMENTS:
C:\Program Files\Unity\Hub\Editor\2021.1.6f1\Editor\Unity.exe
-adb2
-batchMode
-noUpm
-name
AssetImportWorker0
-projectPath
C:/Users/Devan/Desktop/Unity/LenaIsAmgry
-logFile
Logs/AssetImportWorker0.log
-srvPort
61447
Successfully changed project path to: C:/Users/Devan/Desktop/Unity/LenaIsAmgry
C:/Users/Devan/Desktop/Unity/LenaIsAmgry
Using Asset Import Pipeline V2.
Refreshing native plugins compatible for Editor in 91.55 ms, found 2 plugins.
Preloading 0 native plugins for Editor in 0.00 ms.
Initialize engine version: 2021.1.6f1 (c0fade0cc7e9)
[Subsystems] Discovering subsystems at path C:/Program Files/Unity/Hub/Editor/2021.1.6f1/Editor/Data/Resources/UnitySubsystems
[Subsystems] Discovering subsystems at path C:/Users/Devan/Desktop/Unity/LenaIsAmgry/Assets
GfxDevice: creating device client; threaded=0; jobified=0
Direct3D:
    Version:  Direct3D 11.0 [level 11.1]
    Renderer: NVIDIA GeForce RTX 3060 Ti (ID=0x2489)
    Vendor:   NVIDIA
    VRAM:     8050 MB
    Driver:   30.0.15.1123
Initialize mono
Mono path[0] = 'C:/Program Files/Unity/Hub/Editor/2021.1.6f1/Editor/Data/Managed'
Mono path[1] = 'C:/Program Files/Unity/Hub/Editor/2021.1.6f1/Editor/Data/MonoBleedingEdge/lib/mono/unityjit'
Mono config path = 'C:/Program Files/Unity/Hub/Editor/2021.1.6f1/Editor/Data/MonoBleedingEdge/etc'
Using monoOptions --debugger-agent=transport=dt_socket,embedding=1,server=y,suspend=n,address=127.0.0.1:56568
Begin MonoManager ReloadAssembly
Registering precompiled unity dll's ...
Register platform support module: C:/Program Files/Unity/Hub/Editor/2021.1.6f1/Editor/Data/PlaybackEngines/MacStandaloneSupport/UnityEditor.OSXStandalone.Extensions.dll
Register platform support module: C:/Program Files/Unity/Hub/Editor/2021.1.6f1/Editor/Data/PlaybackEngines/WindowsStandaloneSupport/UnityEditor.WindowsStandalone.Extensions.dll
Registered in 0.001950 seconds.
Native extension for WindowsStandalone target not found
Native extension for OSXStandalone target not found
Refreshing native plugins compatible for Editor in 105.14 ms, found 2 plugins.
Preloading 0 native plugins for Editor in 0.00 ms.
Mono: successfully reloaded assembly
- Completed reload, in  1.915 seconds
Platform modules already initialized, skipping
Registering precompiled user dll's ...
Registered in 0.003377 seconds.
Begin MonoManager ReloadAssembly
Native extension for WindowsStandalone target not found
Native extension for OSXStandalone target not found
Refreshing native plugins compatible for Editor in 99.80 ms, found 2 plugins.
Preloading 0 native plugins for Editor in 0.00 ms.
Mono: successfully reloaded assembly
- Completed reload, in  1.305 seconds
Platform modules already initialized, skipping
========================================================================
Worker process is ready to serve import requests
Launched and connected shader compiler UnityShaderCompiler.exe after 0.04 seconds
Refreshing native plugins compatible for Editor in 0.78 ms, found 2 plugins.
Preloading 0 native plugins for Editor in 0.00 ms.
Unloading 3389 Unused Serialized files (Serialized files now loaded: 0)
System memory in use before: 141.8 MB.
System memory in use after: 142.0 MB.

Unloading 23 unused Assets to reduce memory usage. Loaded Objects now: 3864.
Total: 21.008900 ms (FindLiveObjects: 2.496100 ms CreateObjectMapping: 1.080400 ms MarkObjects: 17.388400 ms  DeleteObjects: 0.042300 ms)

========================================================================
Received Import Request.
  path: Assets/Scripts/ObjectsInteraction.cs
  artifactKey: Guid(6f4f576cda270a648b13992e2644b940) Importer(815301076,1909f56bfc062723c751e8b465ee728b)
Start importing Assets/Scripts/ObjectsInteraction.cs using Guid(6f4f576cda270a648b13992e2644b940) Importer(815301076,1909f56bfc062723c751e8b465ee728b)  -> (artifact id: 'c0dd5a920c4239af4dea444448884b2c') in 0.079210 seconds 
========================================================================
Received Prepare
Refreshing native plugins compatible for Editor in 2.62 ms, found 2 plugins.
Preloading 0 native plugins for Editor in 0.00 ms.
Unloading 10 Unused Serialized files (Serialized files now loaded: 0)
System memory in use before: 73.4 MB.
System memory in use after: 73.6 MB.

Unloading 10 unused Assets to reduce memory usage. Loaded Objects now: 3864.
Total: 2.364700 ms (FindLiveObjects: 0.278700 ms CreateObjectMapping: 0.177700 ms MarkObjects: 1.894800 ms  DeleteObjects: 0.012500 ms)

========================================================================
Received Import Request.
  Time since last request: 52.334466 seconds.
  path: Assets/Scripts/ObjectsInteraction.cs
  artifactKey: Guid(6f4f576cda270a648b13992e2644b940) Importer(815301076,1909f56bfc062723c751e8b465ee728b)
Start importing Assets/Scripts/ObjectsInteraction.cs using Guid(6f4f576cda270a648b13992e2644b940) Importer(815301076,1909f56bfc062723c751e8b465ee728b)  -> (artifact id: 'd6efd7e9668a7b3b25c1881b5c2f63e2') in 0.002908 seconds 
========================================================================
Received Prepare
Registering precompiled user dll's ...
Registered in 0.003226 seconds.
Begin MonoManager ReloadAssembly
Native extension for WindowsStandalone target not found
Native extension for OSXStandalone target not found
Refreshing native plugins compatible for Editor in 0.61 ms, found 2 plugins.
Preloading 0 native plugins for Editor in 0.00 ms.
Mono: successfully reloaded assembly
- Completed reload, in  0.971 seconds
Platform modules already initialized, skipping
Refreshing native plugins compatible for Editor in 0.63 ms, found 2 plugins.
Preloading 0 native plugins for Editor in 0.00 ms.
Unloading 3366 Unused Serialized files (Serialized files now loaded: 0)
System memory in use before: 140.1 MB.
System memory in use after: 140.3 MB.

Unloading 12 unused Assets to reduce memory usage. Loaded Objects now: 3868.
Total: 2.318600 ms (FindLiveObjects: 0.239600 ms CreateObjectMapping: 0.156700 ms MarkObjects: 1.907100 ms  DeleteObjects: 0.014200 ms)

========================================================================
Received Prepare
Registering precompiled user dll's ...
Registered in 0.003223 seconds.
Begin MonoManager ReloadAssembly
Native extension for WindowsStandalone target not found
Native extension for OSXStandalone target not found
Refreshing native plugins compatible for Editor in 0.67 ms, found 2 plugins.
Preloading 0 native plugins for Editor in 0.00 ms.
Mono: successfully reloaded assembly
- Completed reload, in  1.050 seconds
Platform modules already initialized, skipping
Refreshing native plugins compatible for Editor in 0.62 ms, found 2 plugins.
Preloading 0 native plugins for Editor in 0.00 ms.
Unloading 3366 Unused Serialized files (Serialized files now loaded: 0)
System memory in use before: 140.1 MB.
System memory in use after: 140.4 MB.

Unloading 12 unused Assets to reduce memory usage. Loaded Objects now: 3872.
Total: 2.392900 ms (FindLiveObjects: 0.266800 ms CreateObjectMapping: 0.165400 ms MarkObjects: 1.945000 ms  DeleteObjects: 0.014500 ms)

========================================================================
Received Import Request.
  Time since last request: 214.112863 seconds.
  path: ProjectSettings/TagManager.asset
  artifactKey: Guid(00000000000000003000000000000000) Importer(815301076,1909f56bfc062723c751e8b465ee728b)
Start importing ProjectSettings/TagManager.asset using Guid(00000000000000003000000000000000) Importer(815301076,1909f56bfc062723c751e8b465ee728b)  -> (artifact id: 'de8f351b86b7dbfc083c754b8b3a52e3') in 0.041161 seconds 
========================================================================
Received Prepare
Registering precompiled user dll's ...
Registered in 0.003253 seconds.
Begin MonoManager ReloadAssembly
Native extension for WindowsStandalone target not found
Native extension for OSXStandalone target not found
Refreshing native plugins compatible for Editor in 0.63 ms, found 2 plugins.
Preloading 0 native plugins for Editor in 0.00 ms.
Mono: successfully reloaded assembly
- Completed reload, in  1.072 seconds
Platform modules already initialized, skipping
Refreshing native plugins compatible for Editor in 0.63 ms, found 2 plugins.
Preloading 0 native plugins for Editor in 0.00 ms.
Unloading 3366 Unused Serialized files (Serialized files now loaded: 0)
System memory in use before: 140.2 MB.
System memory in use after: 140.4 MB.

Unloading 13 unused Assets to reduce memory usage. Loaded Objects now: 3876.
Total: 2.512500 ms (FindLiveObjects: 0.259600 ms CreateObjectMapping: 0.170700 ms MarkObjects: 2.057700 ms  DeleteObjects: 0.023300 ms)

========================================================================
Received Prepare
Registering precompiled user dll's ...
Registered in 0.003248 seconds.
Begin MonoManager ReloadAssembly
Native extension for WindowsStandalone target not found
Native extension for OSXStandalone target not found
Refreshing native plugins compatible for Editor in 0.72 ms, found 2 plugins.
Preloading 0 native plugins for Editor in 0.00 ms.
Mono: successfully reloaded assembly
- Completed reload, in  1.013 seconds
Platform modules already initialized, skipping
Refreshing native plugins compatible for Editor in 0.89 ms, found 2 plugins.
Preloading 0 native plugins for Editor in 0.00 ms.
Unloading 3366 Unused Serialized files (Serialized files now loaded: 0)
System memory in use before: 140.2 MB.
System memory in use after: 140.4 MB.

Unloading 12 unused Assets to reduce memory usage. Loaded Objects now: 3880.
Total: 3.068700 ms (FindLiveObjects: 0.293900 ms CreateObjectMapping: 0.187300 ms MarkObjects: 2.566400 ms  DeleteObjects: 0.020000 ms)

========================================================================
Received Prepare
Registering precompiled user dll's ...
Registered in 0.003204 seconds.
Begin MonoManager ReloadAssembly
Native extension for WindowsStandalone target not found
Native extension for OSXStandalone target not found
Refreshing native plugins compatible for Editor in 0.73 ms, found 2 plugins.
Preloading 0 native plugins for Editor in 0.00 ms.
Mono: successfully reloaded assembly
- Completed reload, in  0.954 seconds
Platform modules already initialized, skipping
Refreshing native plugins compatible for Editor in 0.60 ms, found 2 plugins.
Preloading 0 native plugins for Editor in 0.00 ms.
Unloading 3366 Unused Serialized files (Serialized files now loaded: 0)
System memory in use before: 140.2 MB.
System memory in use after: 140.4 MB.

Unloading 12 unused Assets to reduce memory usage. Loaded Objects now: 3884.
Total: 2.791200 ms (FindLiveObjects: 0.244900 ms CreateObjectMapping: 0.155000 ms MarkObjects: 2.372800 ms  DeleteObjects: 0.017300 ms)

========================================================================
Received Prepare
Registering precompiled user dll's ...
Registered in 0.003499 seconds.
Begin MonoManager ReloadAssembly
Native extension for WindowsStandalone target not found
Native extension for OSXStandalone target not found
Refreshing native plugins compatible for Editor in 0.61 ms, found 2 plugins.
Preloading 0 native plugins for Editor in 0.00 ms.
Mono: successfully reloaded assembly
- Completed reload, in  0.939 seconds
Platform modules already initialized, skipping
Refreshing native plugins compatible for Editor in 0.62 ms, found 2 plugins.
Preloading 0 native plugins for Editor in 0.00 ms.
Unloading 3366 Unused Serialized files (Serialized files now loaded: 0)
System memory in use before: 140.2 MB.
System memory in use after: 140.4 MB.

Unloading 12 unused Assets to reduce memory usage. Loaded Objects now: 3888.
Total: 2.434600 ms (FindLiveObjects: 0.261600 ms CreateObjectMapping: 0.182000 ms MarkObjects: 1.973100 ms  DeleteObjects: 0.017000 ms)

========================================================================
Received Prepare
Registering precompiled user dll's ...
Registered in 0.003549 seconds.
Begin MonoManager ReloadAssembly
Native extension for WindowsStandalone target not found
Native extension for OSXStandalone target not found
Refreshing native plugins compatible for Editor in 0.65 ms, found 2 plugins.
Preloading 0 native plugins for Editor in 0.00 ms.
Mono: successfully reloaded assembly
- Completed reload, in  1.021 seconds
Platform modules already initialized, skipping
Refreshing native plugins compatible for Editor in 0.75 ms, found 2 plugins.
Preloading 0 native plugins for Editor in 0.00 ms.
Unloading 3366 Unused Serialized files (Serialized files now loaded: 0)
System memory in use before: 140.2 MB.
System memory in use after: 140.4 MB.

Unloading 12 unused Assets to reduce memory usage. Loaded Objects now: 3892.
Total: 2.808600 ms (FindLiveObjects: 0.263800 ms CreateObjectMapping: 0.191700 ms MarkObjects: 2.335200 ms  DeleteObjects: 0.016700 ms)

========================================================================
Received Prepare
Registering precompiled user dll's ...
Registered in 0.003267 seconds.
Begin MonoManager ReloadAssembly
Native extension for WindowsStandalone target not found
Native extension for OSXStandalone target not found
Refreshing native plugins compatible for Editor in 0.66 ms, found 2 plugins.
Preloading 0 native plugins for Editor in 0.00 ms.
Mono: successfully reloaded assembly
- Completed reload, in  0.926 seconds
Platform modules already initialized, skipping
Refreshing native plugins compatible for Editor in 0.83 ms, found 2 plugins.
Preloading 0 native plugins for Editor in 0.00 ms.
Unloading 3366 Unused Serialized files (Serialized files now loaded: 0)
System memory in use before: 140.2 MB.
System memory in use after: 140.5 MB.

Unloading 12 unused Assets to reduce memory usage. Loaded Objects now: 3896.
Total: 2.544100 ms (FindLiveObjects: 0.273200 ms CreateObjectMapping: 0.170600 ms MarkObjects: 2.081600 ms  DeleteObjects: 0.017800 ms)

========================================================================
Received Prepare
Registering precompiled user dll's ...
Registered in 0.003369 seconds.
Begin MonoManager ReloadAssembly
Native extension for WindowsStandalone target not found
Native extension for OSXStandalone target not found
Refreshing native plugins compatible for Editor in 0.61 ms, found 2 plugins.
Preloading 0 native plugins for Editor in 0.00 ms.
Mono: successfully reloaded assembly
- Completed reload, in  0.949 seconds
Platform modules already initialized, skipping
Refreshing native plugins compatible for Editor in 0.61 ms, found 2 plugins.
Preloading 0 native plugins for Editor in 0.00 ms.
Unloading 3366 Unused Serialized files (Serialized files now loaded: 0)
System memory in use before: 140.2 MB.
System memory in use after: 140.5 MB.

Unloading 12 unused Assets to reduce memory usage. Loaded Objects now: 3900.
Total: 2.865200 ms (FindLiveObjects: 0.279200 ms CreateObjectMapping: 0.174000 ms MarkObjects: 2.390400 ms  DeleteObjects: 0.020400 ms)

========================================================================
Received Prepare
Registering precompiled user dll's ...
Registered in 0.003322 seconds.
Begin MonoManager ReloadAssembly
Native extension for WindowsStandalone target not found
Native extension for OSXStandalone target not found
Refreshing native plugins compatible for Editor in 0.66 ms, found 2 plugins.
Preloading 0 native plugins for Editor in 0.00 ms.
Mono: successfully reloaded assembly
- Completed reload, in  1.012 seconds
Platform modules already initialized, skipping
Refreshing native plugins compatible for Editor in 0.64 ms, found 2 plugins.
Preloading 0 native plugins for Editor in 0.00 ms.
Unloading 3366 Unused Serialized files (Serialized files now loaded: 0)
System memory in use before: 140.2 MB.
System memory in use after: 140.5 MB.

Unloading 12 unused Assets to reduce memory usage. Loaded Objects now: 3904.
Total: 2.319100 ms (FindLiveObjects: 0.260100 ms CreateObjectMapping: 0.178900 ms MarkObjects: 1.852400 ms  DeleteObjects: 0.026700 ms)

========================================================================
Received Prepare
Registering precompiled user dll's ...
Registered in 0.003457 seconds.
Begin MonoManager ReloadAssembly
Native extension for WindowsStandalone target not found
Native extension for OSXStandalone target not found
Refreshing native plugins compatible for Editor in 0.64 ms, found 2 plugins.
Preloading 0 native plugins for Editor in 0.00 ms.
Mono: successfully reloaded assembly
- Completed reload, in  0.986 seconds
Platform modules already initialized, skipping
Refreshing native plugins compatible for Editor in 0.62 ms, found 2 plugins.
Preloading 0 native plugins for Editor in 0.00 ms.
Unloading 3366 Unused Serialized files (Serialized files now loaded: 0)
System memory in use before: 140.2 MB.
System memory in use after: 140.5 MB.

Unloading 12 unused Assets to reduce memory usage. Loaded Objects now: 3908.
Total: 2.656400 ms (FindLiveObjects: 0.287100 ms CreateObjectMapping: 0.219800 ms MarkObjects: 2.131900 ms  DeleteObjects: 0.016400 ms)

========================================================================
Received Prepare
Registering precompiled user dll's ...
Registered in 0.003180 seconds.
Begin MonoManager ReloadAssembly
Native extension for WindowsStandalone target not found
Native extension for OSXStandalone target not found
Refreshing native plugins compatible for Editor in 0.64 ms, found 2 plugins.
Preloading 0 native plugins for Editor in 0.00 ms.
Mono: successfully reloaded assembly
- Completed reload, in  0.954 seconds
Platform modules already initialized, skipping
Refreshing native plugins compatible for Editor in 0.60 ms, found 2 plugins.
Preloading 0 native plugins for Editor in 0.00 ms.
Unloading 3366 Unused Serialized files (Serialized files now loaded: 0)
System memory in use before: 140.3 MB.
System memory in use after: 140.5 MB.

Unloading 12 unused Assets to reduce memory usage. Loaded Objects now: 3912.
Total: 2.363400 ms (FindLiveObjects: 0.246600 ms CreateObjectMapping: 0.160500 ms MarkObjects: 1.940100 ms  DeleteObjects: 0.015100 ms)

========================================================================
Received Prepare
Registering precompiled user dll's ...
Registered in 0.003574 seconds.
Begin MonoManager ReloadAssembly
Native extension for WindowsStandalone target not found
Native extension for OSXStandalone target not found
Refreshing native plugins compatible for Editor in 0.64 ms, found 2 plugins.
Preloading 0 native plugins for Editor in 0.00 ms.
Mono: successfully reloaded assembly
- Completed reload, in  0.974 seconds
Platform modules already initialized, skipping
Refreshing native plugins compatible for Editor in 0.61 ms, found 2 plugins.
Preloading 0 native plugins for Editor in 0.00 ms.
Unloading 3366 Unused Serialized files (Serialized files now loaded: 0)
System memory in use before: 140.3 MB.
System memory in use after: 140.5 MB.

Unloading 12 unused Assets to reduce memory usage. Loaded Objects now: 3916.
Total: 2.575300 ms (FindLiveObjects: 0.300000 ms CreateObjectMapping: 0.198500 ms MarkObjects: 2.057700 ms  DeleteObjects: 0.018000 ms)

========================================================================
Received Import Request.
  Time since last request: 560.532723 seconds.
  path: ProjectSettings/TagManager.asset
  artifactKey: Guid(00000000000000003000000000000000) Importer(815301076,1909f56bfc062723c751e8b465ee728b)
Start importing ProjectSettings/TagManager.asset using Guid(00000000000000003000000000000000) Importer(815301076,1909f56bfc062723c751e8b465ee728b)  -> (artifact id: 'c3b0b5a71c274ebc4983eb5bc8cb374c') in 0.019305 seconds 
========================================================================
Received Prepare
Registering precompiled user dll's ...
Registered in 0.003541 seconds.
Begin MonoManager ReloadAssembly
Native extension for WindowsStandalone target not found
Native extension for OSXStandalone target not found
Refreshing native plugins compatible for Editor in 0.60 ms, found 2 plugins.
Preloading 0 native plugins for Editor in 0.00 ms.
Mono: successfully reloaded assembly
- Completed reload, in  0.946 seconds
Platform modules already initialized, skipping
Refreshing native plugins compatible for Editor in 0.59 ms, found 2 plugins.
Preloading 0 native plugins for Editor in 0.00 ms.
Unloading 3366 Unused Serialized files (Serialized files now loaded: 0)
System memory in use before: 140.3 MB.
System memory in use after: 140.5 MB.

Unloading 13 unused Assets to reduce memory usage. Loaded Objects now: 3920.
Total: 2.388500 ms (FindLiveObjects: 0.257900 ms CreateObjectMapping: 0.155700 ms MarkObjects: 1.957900 ms  DeleteObjects: 0.016200 ms)

========================================================================
Received Import Request.
  Time since last request: 13.488857 seconds.
  path: ProjectSettings/TagManager.asset
  artifactKey: Guid(00000000000000003000000000000000) Importer(815301076,1909f56bfc062723c751e8b465ee728b)
Start importing ProjectSettings/TagManager.asset using Guid(00000000000000003000000000000000) Importer(815301076,1909f56bfc062723c751e8b465ee728b)  -> (artifact id: '604c1769822227a494a3aef751bbf0d7') in 0.014452 seconds 
========================================================================
Received Prepare
Registering precompiled user dll's ...
Registered in 0.003307 seconds.
Begin MonoManager ReloadAssembly
Native extension for WindowsStandalone target not found
Native extension for OSXStandalone target not found
Refreshing native plugins compatible for Editor in 0.67 ms, found 2 plugins.
Preloading 0 native plugins for Editor in 0.00 ms.
Mono: successfully reloaded assembly
- Completed reload, in  1.063 seconds
Platform modules already initialized, skipping
Refreshing native plugins compatible for Editor in 0.61 ms, found 2 plugins.
Preloading 0 native plugins for Editor in 0.00 ms.
Unloading 3366 Unused Serialized files (Serialized files now loaded: 0)
System memory in use before: 140.3 MB.
System memory in use after: 140.5 MB.

Unloading 13 unused Assets to reduce memory usage. Loaded Objects now: 3924.
Total: 2.376900 ms (FindLiveObjects: 0.247200 ms CreateObjectMapping: 0.146200 ms MarkObjects: 1.967500 ms  DeleteObjects: 0.015100 ms)

========================================================================
Received Prepare
Registering precompiled user dll's ...
Registered in 0.004403 seconds.
Begin MonoManager ReloadAssembly
Native extension for WindowsStandalone target not found
Native extension for OSXStandalone target not found
Refreshing native plugins compatible for Editor in 0.59 ms, found 2 plugins.
Preloading 0 native plugins for Editor in 0.00 ms.
Mono: successfully reloaded assembly
- Completed reload, in  1.060 seconds
Platform modules already initialized, skipping
Refreshing native plugins compatible for Editor in 0.74 ms, found 2 plugins.
Preloading 0 native plugins for Editor in 0.00 ms.
Unloading 3366 Unused Serialized files (Serialized files now loaded: 0)
System memory in use before: 140.3 MB.
System memory in use after: 140.5 MB.

Unloading 12 unused Assets to reduce memory usage. Loaded Objects now: 3928.
Total: 2.405900 ms (FindLiveObjects: 0.264000 ms CreateObjectMapping: 0.180700 ms MarkObjects: 1.942800 ms  DeleteObjects: 0.017200 ms)

========================================================================
Received Prepare
Registering precompiled user dll's ...
Registered in 0.003331 seconds.
Begin MonoManager ReloadAssembly
Native extension for WindowsStandalone target not found
Native extension for OSXStandalone target not found
Refreshing native plugins compatible for Editor in 0.70 ms, found 2 plugins.
Preloading 0 native plugins for Editor in 0.00 ms.
Mono: successfully reloaded assembly
- Completed reload, in  1.034 seconds
Platform modules already initialized, skipping
Refreshing native plugins compatible for Editor in 0.59 ms, found 2 plugins.
Preloading 0 native plugins for Editor in 0.00 ms.
Unloading 3366 Unused Serialized files (Serialized files now loaded: 0)
System memory in use before: 140.3 MB.
System memory in use after: 140.5 MB.

Unloading 12 unused Assets to reduce memory usage. Loaded Objects now: 3932.
Total: 3.045100 ms (FindLiveObjects: 0.264000 ms CreateObjectMapping: 0.159300 ms MarkObjects: 2.592500 ms  DeleteObjects: 0.027400 ms)

========================================================================
Received Prepare
Registering precompiled user dll's ...
Registered in 0.003387 seconds.
Begin MonoManager ReloadAssembly
Native extension for WindowsStandalone target not found
Native extension for OSXStandalone target not found
Refreshing native plugins compatible for Editor in 0.63 ms, found 2 plugins.
Preloading 0 native plugins for Editor in 0.00 ms.
Mono: successfully reloaded assembly
- Completed reload, in  1.019 seconds
Platform modules already initialized, skipping
Refreshing native plugins compatible for Editor in 0.60 ms, found 2 plugins.
Preloading 0 native plugins for Editor in 0.00 ms.
Unloading 3366 Unused Serialized files (Serialized files now loaded: 0)
System memory in use before: 140.3 MB.
System memory in use after: 140.5 MB.

Unloading 12 unused Assets to reduce memory usage. Loaded Objects now: 3936.
Total: 2.397300 ms (FindLiveObjects: 0.259200 ms CreateObjectMapping: 0.168100 ms MarkObjects: 1.948900 ms  DeleteObjects: 0.020100 ms)

========================================================================
Received Prepare
Registering precompiled user dll's ...
Registered in 0.003609 seconds.
Begin MonoManager ReloadAssembly
Native extension for WindowsStandalone target not found
Native extension for OSXStandalone target not found
Refreshing native plugins compatible for Editor in 0.61 ms, found 2 plugins.
Preloading 0 native plugins for Editor in 0.00 ms.
Mono: successfully reloaded assembly
- Completed reload, in  0.953 seconds
Platform modules already initialized, skipping
Refreshing native plugins compatible for Editor in 0.60 ms, found 2 plugins.
Preloading 0 native plugins for Editor in 0.00 ms.
Unloading 3366 Unused Serialized files (Serialized files now loaded: 0)
System memory in use before: 140.3 MB.
System memory in use after: 140.6 MB.

Unloading 12 unused Assets to reduce memory usage. Loaded Objects now: 3940.
Total: 2.402600 ms (FindLiveObjects: 0.249300 ms CreateObjectMapping: 0.160500 ms MarkObjects: 1.977200 ms  DeleteObjects: 0.014500 ms)

========================================================================
Received Prepare
Registering precompiled user dll's ...
Registered in 0.003186 seconds.
Begin MonoManager ReloadAssembly
Native extension for WindowsStandalone target not found
Native extension for OSXStandalone target not found
Refreshing native plugins compatible for Editor in 0.63 ms, found 2 plugins.
Preloading 0 native plugins for Editor in 0.00 ms.
Mono: successfully reloaded assembly
- Completed reload, in  0.976 seconds
Platform modules already initialized, skipping
Refreshing native plugins compatible for Editor in 0.64 ms, found 2 plugins.
Preloading 0 native plugins for Editor in 0.00 ms.
Unloading 3366 Unused Serialized files (Serialized files now loaded: 0)
System memory in use before: 140.3 MB.
System memory in use after: 140.6 MB.

Unloading 12 unused Assets to reduce memory usage. Loaded Objects now: 3944.
Total: 2.612700 ms (FindLiveObjects: 0.293900 ms CreateObjectMapping: 0.195300 ms MarkObjects: 2.101200 ms  DeleteObjects: 0.021400 ms)

========================================================================
Received Prepare
Registering precompiled user dll's ...
Registered in 0.003510 seconds.
Begin MonoManager ReloadAssembly
Native extension for WindowsStandalone target not found
Native extension for OSXStandalone target not found
Refreshing native plugins compatible for Editor in 0.61 ms, found 2 plugins.
Preloading 0 native plugins for Editor in 0.00 ms.
Mono: successfully reloaded assembly
- Completed reload, in  0.978 seconds
Platform modules already initialized, skipping
Refreshing native plugins compatible for Editor in 0.65 ms, found 2 plugins.
Preloading 0 native plugins for Editor in 0.00 ms.
Unloading 3366 Unused Serialized files (Serialized files now loaded: 0)
System memory in use before: 140.3 MB.
System memory in use after: 140.6 MB.

Unloading 12 unused Assets to reduce memory usage. Loaded Objects now: 3948.
Total: 2.724200 ms (FindLiveObjects: 0.326900 ms CreateObjectMapping: 0.231300 ms MarkObjects: 2.145000 ms  DeleteObjects: 0.019200 ms)

========================================================================
Received Prepare
Registering precompiled user dll's ...
Registered in 0.004356 seconds.
Begin MonoManager ReloadAssembly
Native extension for WindowsStandalone target not found
Native extension for OSXStandalone target not found
Refreshing native plugins compatible for Editor in 0.63 ms, found 2 plugins.
Preloading 0 native plugins for Editor in 0.00 ms.
Mono: successfully reloaded assembly
- Completed reload, in  0.971 seconds
Platform modules already initialized, skipping
Refreshing native plugins compatible for Editor in 0.64 ms, found 2 plugins.
Preloading 0 native plugins for Editor in 0.00 ms.
Unloading 3366 Unused Serialized files (Serialized files now loaded: 0)
System memory in use before: 140.3 MB.
System memory in use after: 140.6 MB.

Unloading 12 unused Assets to reduce memory usage. Loaded Objects now: 3952.
Total: 2.258200 ms (FindLiveObjects: 0.266700 ms CreateObjectMapping: 0.179700 ms MarkObjects: 1.795300 ms  DeleteObjects: 0.015400 ms)

========================================================================
Received Prepare
Registering precompiled user dll's ...
Registered in 0.003391 seconds.
Begin MonoManager ReloadAssembly
Native extension for WindowsStandalone target not found
Native extension for OSXStandalone target not found
Refreshing native plugins compatible for Editor in 0.67 ms, found 2 plugins.
Preloading 0 native plugins for Editor in 0.00 ms.
Mono: successfully reloaded assembly
- Completed reload, in  1.003 seconds
Platform modules already initialized, skipping
Refreshing native plugins compatible for Editor in 0.68 ms, found 2 plugins.
Preloading 0 native plugins for Editor in 0.00 ms.
Unloading 3366 Unused Serialized files (Serialized files now loaded: 0)
System memory in use before: 140.3 MB.
System memory in use after: 140.6 MB.

Unloading 12 unused Assets to reduce memory usage. Loaded Objects now: 3956.
Total: 2.348800 ms (FindLiveObjects: 0.266700 ms CreateObjectMapping: 0.171400 ms MarkObjects: 1.894500 ms  DeleteObjects: 0.015500 ms)

========================================================================
Received Prepare
Registering precompiled user dll's ...
Registered in 0.003271 seconds.
Begin MonoManager ReloadAssembly
Native extension for WindowsStandalone target not found
Native extension for OSXStandalone target not found
Refreshing native plugins compatible for Editor in 0.64 ms, found 2 plugins.
Preloading 0 native plugins for Editor in 0.00 ms.
Mono: successfully reloaded assembly
- Completed reload, in  1.019 seconds
Platform modules already initialized, skipping
Refreshing native plugins compatible for Editor in 0.65 ms, found 2 plugins.
Preloading 0 native plugins for Editor in 0.00 ms.
Unloading 3366 Unused Serialized files (Serialized files now loaded: 0)
System memory in use before: 140.4 MB.
System memory in use after: 140.6 MB.

Unloading 12 unused Assets to reduce memory usage. Loaded Objects now: 3960.
Total: 2.824300 ms (FindLiveObjects: 0.267300 ms CreateObjectMapping: 0.161200 ms MarkObjects: 2.373100 ms  DeleteObjects: 0.021300 ms)

========================================================================
Received Prepare
Registering precompiled user dll's ...
Registered in 0.003421 seconds.
Begin MonoManager ReloadAssembly
Native extension for WindowsStandalone target not found
Native extension for OSXStandalone target not found
Refreshing native plugins compatible for Editor in 0.63 ms, found 2 plugins.
Preloading 0 native plugins for Editor in 0.00 ms.
Mono: successfully reloaded assembly
- Completed reload, in  0.998 seconds
Platform modules already initialized, skipping
Refreshing native plugins compatible for Editor in 0.68 ms, found 2 plugins.
Preloading 0 native plugins for Editor in 0.00 ms.
Unloading 3366 Unused Serialized files (Serialized files now loaded: 0)
System memory in use before: 140.4 MB.
System memory in use after: 140.6 MB.

Unloading 12 unused Assets to reduce memory usage. Loaded Objects now: 3964.
Total: 2.415400 ms (FindLiveObjects: 0.274900 ms CreateObjectMapping: 0.176700 ms MarkObjects: 1.944900 ms  DeleteObjects: 0.018000 ms)

========================================================================
Received Prepare
Registering precompiled user dll's ...
Registered in 0.003249 seconds.
Begin MonoManager ReloadAssembly
Native extension for WindowsStandalone target not found
Native extension for OSXStandalone target not found
Refreshing native plugins compatible for Editor in 0.62 ms, found 2 plugins.
Preloading 0 native plugins for Editor in 0.00 ms.
Mono: successfully reloaded assembly
- Completed reload, in  0.972 seconds
Platform modules already initialized, skipping
Refreshing native plugins compatible for Editor in 0.62 ms, found 2 plugins.
Preloading 0 native plugins for Editor in 0.00 ms.
Unloading 3366 Unused Serialized files (Serialized files now loaded: 0)
System memory in use before: 140.4 MB.
System memory in use after: 140.6 MB.

Unloading 12 unused Assets to reduce memory usage. Loaded Objects now: 3968.
Total: 2.331400 ms (FindLiveObjects: 0.271000 ms CreateObjectMapping: 0.199500 ms MarkObjects: 1.843000 ms  DeleteObjects: 0.016900 ms)

========================================================================
Received Prepare
Registering precompiled user dll's ...
Registered in 0.003465 seconds.
Begin MonoManager ReloadAssembly
Native extension for WindowsStandalone target not found
Native extension for OSXStandalone target not found
Refreshing native plugins compatible for Editor in 0.61 ms, found 2 plugins.
Preloading 0 native plugins for Editor in 0.00 ms.
Mono: successfully reloaded assembly
- Completed reload, in  1.148 seconds
Platform modules already initialized, skipping
Refreshing native plugins compatible for Editor in 0.61 ms, found 2 plugins.
Preloading 0 native plugins for Editor in 0.00 ms.
Unloading 3366 Unused Serialized files (Serialized files now loaded: 0)
System memory in use before: 140.4 MB.
System memory in use after: 140.6 MB.

Unloading 12 unused Assets to reduce memory usage. Loaded Objects now: 3972.
Total: 2.385400 ms (FindLiveObjects: 0.289100 ms CreateObjectMapping: 0.183400 ms MarkObjects: 1.896200 ms  DeleteObjects: 0.015800 ms)

========================================================================
Received Prepare
Registering precompiled user dll's ...
Registered in 0.003222 seconds.
Begin MonoManager ReloadAssembly
Native extension for WindowsStandalone target not found
Native extension for OSXStandalone target not found
Refreshing native plugins compatible for Editor in 0.63 ms, found 2 plugins.
Preloading 0 native plugins for Editor in 0.00 ms.
Mono: successfully reloaded assembly
- Completed reload, in  1.007 seconds
Platform modules already initialized, skipping
Refreshing native plugins compatible for Editor in 0.60 ms, found 2 plugins.
Preloading 0 native plugins for Editor in 0.00 ms.
Unloading 3366 Unused Serialized files (Serialized files now loaded: 0)
System memory in use before: 140.4 MB.
System memory in use after: 140.6 MB.

Unloading 12 unused Assets to reduce memory usage. Loaded Objects now: 3976.
Total: 2.851700 ms (FindLiveObjects: 0.261600 ms CreateObjectMapping: 0.174100 ms MarkObjects: 2.392900 ms  DeleteObjects: 0.021700 ms)

========================================================================
Received Prepare
Registering precompiled user dll's ...
Registered in 0.003412 seconds.
Begin MonoManager ReloadAssembly
Native extension for WindowsStandalone target not found
Native extension for OSXStandalone target not found
Refreshing native plugins compatible for Editor in 0.63 ms, found 2 plugins.
Preloading 0 native plugins for Editor in 0.00 ms.
Mono: successfully reloaded assembly
- Completed reload, in  1.029 seconds
Platform modules already initialized, skipping
Refreshing native plugins compatible for Editor in 0.62 ms, found 2 plugins.
Preloading 0 native plugins for Editor in 0.00 ms.
Unloading 3366 Unused Serialized files (Serialized files now loaded: 0)
System memory in use before: 140.4 MB.
System memory in use after: 140.6 MB.

Unloading 12 unused Assets to reduce memory usage. Loaded Objects now: 3980.
Total: 2.376200 ms (FindLiveObjects: 0.277100 ms CreateObjectMapping: 0.172100 ms MarkObjects: 1.909200 ms  DeleteObjects: 0.016900 ms)

========================================================================
Received Import Request.
  Time since last request: 2076.686128 seconds.
  path: Assets/2D Assets/Lena/L_Head.png
  artifactKey: Guid(306895b019ff0774db607ea21b22f850) Importer(815301076,1909f56bfc062723c751e8b465ee728b)
Start importing Assets/2D Assets/Lena/L_Head.png using Guid(306895b019ff0774db607ea21b22f850) Importer(815301076,1909f56bfc062723c751e8b465ee728b)  -> (artifact id: '12e511b0759fbdf1b233c8f1b393bac3') in 0.211425 seconds 
========================================================================
Received Import Request.
  Time since last request: 50.243948 seconds.
  path: Assets/2D Assets/Interactable/INT_Bomb.png
  artifactKey: Guid(842cd49cf06ff08459bb289349cc9b1b) Importer(815301076,1909f56bfc062723c751e8b465ee728b)
Start importing Assets/2D Assets/Interactable/INT_Bomb.png using Guid(842cd49cf06ff08459bb289349cc9b1b) Importer(815301076,1909f56bfc062723c751e8b465ee728b)  -> (artifact id: '48e13fd18968c1da69ef259e6b90a2e6') in 0.050076 seconds 
========================================================================
Received Import Request.
  Time since last request: 0.524542 seconds.
  path: Assets/2D Assets/Interactable/INT_BombHandle.png
  artifactKey: Guid(e652b5030dd195949906b962d733fb4f) Importer(815301076,1909f56bfc062723c751e8b465ee728b)
Start importing Assets/2D Assets/Interactable/INT_BombHandle.png using Guid(e652b5030dd195949906b962d733fb4f) Importer(815301076,1909f56bfc062723c751e8b465ee728b)  -> (artifact id: '15f5a5e5c4e6dc351af8c56e54cde029') in 0.017585 seconds 
========================================================================
Received Import Request.
  Time since last request: 56.178733 seconds.
  path: Assets/2D Assets/Lena/L_Tail.png
  artifactKey: Guid(55b3f01a55a02a945b7669b66ccd676b) Importer(815301076,1909f56bfc062723c751e8b465ee728b)
Start importing Assets/2D Assets/Lena/L_Tail.png using Guid(55b3f01a55a02a945b7669b66ccd676b) Importer(815301076,1909f56bfc062723c751e8b465ee728b)  -> (artifact id: '38b374365abe5918b54d7aae11cbd61f') in 0.073681 seconds 
========================================================================
Received Prepare
Registering precompiled user dll's ...
Registered in 0.003597 seconds.
Begin MonoManager ReloadAssembly
Native extension for WindowsStandalone target not found
Native extension for OSXStandalone target not found
Refreshing native plugins compatible for Editor in 0.64 ms, found 2 plugins.
Preloading 0 native plugins for Editor in 0.00 ms.
Mono: successfully reloaded assembly
- Completed reload, in  0.987 seconds
Platform modules already initialized, skipping
Refreshing native plugins compatible for Editor in 0.64 ms, found 2 plugins.
Preloading 0 native plugins for Editor in 0.00 ms.
Unloading 3370 Unused Serialized files (Serialized files now loaded: 0)
System memory in use before: 146.0 MB.
System memory in use after: 146.3 MB.

Unloading 12 unused Assets to reduce memory usage. Loaded Objects now: 4056.
Total: 3.620200 ms (FindLiveObjects: 0.325300 ms CreateObjectMapping: 0.211100 ms MarkObjects: 3.058900 ms  DeleteObjects: 0.023600 ms)

========================================================================
Received Prepare
Registering precompiled user dll's ...
Registered in 0.003267 seconds.
Begin MonoManager ReloadAssembly
Native extension for WindowsStandalone target not found
Native extension for OSXStandalone target not found
Refreshing native plugins compatible for Editor in 0.70 ms, found 2 plugins.
Preloading 0 native plugins for Editor in 0.00 ms.
Mono: successfully reloaded assembly
- Completed reload, in  0.969 seconds
Platform modules already initialized, skipping
Refreshing native plugins compatible for Editor in 0.79 ms, found 2 plugins.
Preloading 0 native plugins for Editor in 0.00 ms.
Unloading 3366 Unused Serialized files (Serialized files now loaded: 0)
System memory in use before: 145.9 MB.
System memory in use after: 146.1 MB.

Unloading 12 unused Assets to reduce memory usage. Loaded Objects now: 4060.
Total: 2.913000 ms (FindLiveObjects: 0.283300 ms CreateObjectMapping: 0.164200 ms MarkObjects: 2.431200 ms  DeleteObjects: 0.033000 ms)

========================================================================
Received Prepare
Registering precompiled user dll's ...
Registered in 0.003289 seconds.
Begin MonoManager ReloadAssembly
Native extension for WindowsStandalone target not found
Native extension for OSXStandalone target not found
Refreshing native plugins compatible for Editor in 0.60 ms, found 2 plugins.
Preloading 0 native plugins for Editor in 0.00 ms.
Mono: successfully reloaded assembly
- Completed reload, in  0.969 seconds
Platform modules already initialized, skipping
Refreshing native plugins compatible for Editor in 0.60 ms, found 2 plugins.
Preloading 0 native plugins for Editor in 0.00 ms.
Unloading 3366 Unused Serialized files (Serialized files now loaded: 0)
System memory in use before: 145.9 MB.
System memory in use after: 146.1 MB.

Unloading 12 unused Assets to reduce memory usage. Loaded Objects now: 4064.
Total: 2.481200 ms (FindLiveObjects: 0.277400 ms CreateObjectMapping: 0.164000 ms MarkObjects: 2.022100 ms  DeleteObjects: 0.016600 ms)

========================================================================
Received Prepare
Registering precompiled user dll's ...
Registered in 0.003629 seconds.
Begin MonoManager ReloadAssembly
Native extension for WindowsStandalone target not found
Native extension for OSXStandalone target not found
Refreshing native plugins compatible for Editor in 0.67 ms, found 2 plugins.
Preloading 0 native plugins for Editor in 0.00 ms.
Mono: successfully reloaded assembly
- Completed reload, in  0.997 seconds
Platform modules already initialized, skipping
Refreshing native plugins compatible for Editor in 0.68 ms, found 2 plugins.
Preloading 0 native plugins for Editor in 0.00 ms.
Unloading 3366 Unused Serialized files (Serialized files now loaded: 0)
System memory in use before: 145.9 MB.
System memory in use after: 146.1 MB.

Unloading 12 unused Assets to reduce memory usage. Loaded Objects now: 4068.
Total: 2.734500 ms (FindLiveObjects: 0.301000 ms CreateObjectMapping: 0.281300 ms MarkObjects: 2.131600 ms  DeleteObjects: 0.019700 ms)

========================================================================
Received Prepare
Registering precompiled user dll's ...
Registered in 0.003504 seconds.
Begin MonoManager ReloadAssembly
Native extension for WindowsStandalone target not found
Native extension for OSXStandalone target not found
Refreshing native plugins compatible for Editor in 8.78 ms, found 2 plugins.
Preloading 0 native plugins for Editor in 0.00 ms.
Mono: successfully reloaded assembly
- Completed reload, in  1.024 seconds
Platform modules already initialized, skipping
Refreshing native plugins compatible for Editor in 0.62 ms, found 2 plugins.
Preloading 0 native plugins for Editor in 0.00 ms.
Unloading 3366 Unused Serialized files (Serialized files now loaded: 0)
System memory in use before: 145.9 MB.
System memory in use after: 146.1 MB.

Unloading 12 unused Assets to reduce memory usage. Loaded Objects now: 4072.
Total: 2.529300 ms (FindLiveObjects: 0.279800 ms CreateObjectMapping: 0.170400 ms MarkObjects: 2.058100 ms  DeleteObjects: 0.020100 ms)

========================================================================
Received Prepare
Registering precompiled user dll's ...
Registered in 0.003301 seconds.
Begin MonoManager ReloadAssembly
Native extension for WindowsStandalone target not found
Native extension for OSXStandalone target not found
Refreshing native plugins compatible for Editor in 1.26 ms, found 2 plugins.
Preloading 0 native plugins for Editor in 0.00 ms.
Mono: successfully reloaded assembly
- Completed reload, in  1.099 seconds
Platform modules already initialized, skipping
Refreshing native plugins compatible for Editor in 0.79 ms, found 2 plugins.
Preloading 0 native plugins for Editor in 0.00 ms.
Unloading 3366 Unused Serialized files (Serialized files now loaded: 0)
System memory in use before: 145.9 MB.
System memory in use after: 146.2 MB.

Unloading 12 unused Assets to reduce memory usage. Loaded Objects now: 4076.
Total: 3.506500 ms (FindLiveObjects: 0.378000 ms CreateObjectMapping: 0.377200 ms MarkObjects: 2.728500 ms  DeleteObjects: 0.021200 ms)

========================================================================
Received Prepare
Registering precompiled user dll's ...
Registered in 0.003258 seconds.
Begin MonoManager ReloadAssembly
Native extension for WindowsStandalone target not found
Native extension for OSXStandalone target not found
Refreshing native plugins compatible for Editor in 0.64 ms, found 2 plugins.
Preloading 0 native plugins for Editor in 0.00 ms.
Mono: successfully reloaded assembly
- Completed reload, in  1.100 seconds
Platform modules already initialized, skipping
Refreshing native plugins compatible for Editor in 0.61 ms, found 2 plugins.
Preloading 0 native plugins for Editor in 0.00 ms.
Unloading 3366 Unused Serialized files (Serialized files now loaded: 0)
System memory in use before: 145.9 MB.
System memory in use after: 146.2 MB.

Unloading 12 unused Assets to reduce memory usage. Loaded Objects now: 4080.
Total: 2.502700 ms (FindLiveObjects: 0.271500 ms CreateObjectMapping: 0.164300 ms MarkObjects: 2.050900 ms  DeleteObjects: 0.014800 ms)

========================================================================
Received Prepare
Registering precompiled user dll's ...
Registered in 0.003284 seconds.
Begin MonoManager ReloadAssembly
Native extension for WindowsStandalone target not found
Native extension for OSXStandalone target not found
Refreshing native plugins compatible for Editor in 0.82 ms, found 2 plugins.
Preloading 0 native plugins for Editor in 0.00 ms.
Mono: successfully reloaded assembly
- Completed reload, in  1.086 seconds
Platform modules already initialized, skipping
Refreshing native plugins compatible for Editor in 0.69 ms, found 2 plugins.
Preloading 0 native plugins for Editor in 0.00 ms.
Unloading 3366 Unused Serialized files (Serialized files now loaded: 0)
System memory in use before: 145.9 MB.
System memory in use after: 146.2 MB.

Unloading 12 unused Assets to reduce memory usage. Loaded Objects now: 4084.
Total: 2.645200 ms (FindLiveObjects: 0.309900 ms CreateObjectMapping: 0.176000 ms MarkObjects: 2.139000 ms  DeleteObjects: 0.019000 ms)

========================================================================
Received Import Request.
  Time since last request: 382.857583 seconds.
  path: Assets/TextMesh Pro/Fonts
  artifactKey: Guid(6ab70aee4d56447429c680537fbf93ed) Importer(815301076,1909f56bfc062723c751e8b465ee728b)
Start importing Assets/TextMesh Pro/Fonts using Guid(6ab70aee4d56447429c680537fbf93ed) Importer(815301076,1909f56bfc062723c751e8b465ee728b)  -> (artifact id: 'c1615d532dab169fd406a25610c85d83') in 0.012881 seconds 
========================================================================
Received Prepare
Registering precompiled user dll's ...
Registered in 0.003384 seconds.
Begin MonoManager ReloadAssembly
Native extension for WindowsStandalone target not found
Native extension for OSXStandalone target not found
Refreshing native plugins compatible for Editor in 0.61 ms, found 2 plugins.
Preloading 0 native plugins for Editor in 0.00 ms.
Mono: successfully reloaded assembly
- Completed reload, in  1.065 seconds
Platform modules already initialized, skipping
Refreshing native plugins compatible for Editor in 0.62 ms, found 2 plugins.
Preloading 0 native plugins for Editor in 0.00 ms.
Unloading 3366 Unused Serialized files (Serialized files now loaded: 0)
System memory in use before: 145.9 MB.
System memory in use after: 146.2 MB.

Unloading 12 unused Assets to reduce memory usage. Loaded Objects now: 4088.
Total: 2.985700 ms (FindLiveObjects: 0.276500 ms CreateObjectMapping: 0.162300 ms MarkObjects: 2.509400 ms  DeleteObjects: 0.035500 ms)

========================================================================
Received Import Request.
  Time since last request: 75.029575 seconds.
  path: Assets/TextMesh Pro/Fonts/CuteNCuddly-vmZAD.ttf
  artifactKey: Guid(8fa4120e3653d5d4ebf78170e1494d5e) Importer(815301076,1909f56bfc062723c751e8b465ee728b)
Start importing Assets/TextMesh Pro/Fonts/CuteNCuddly-vmZAD.ttf using Guid(8fa4120e3653d5d4ebf78170e1494d5e) Importer(815301076,1909f56bfc062723c751e8b465ee728b)  -> (artifact id: '900682ef95160128191f20c61f48401d') in 0.086059 seconds 
========================================================================
Received Import Request.
  Time since last request: 2.487499 seconds.
  path: Assets/TextMesh Pro/Fonts/LiberationSans.ttf
  artifactKey: Guid(e3265ab4bf004d28a9537516768c1c75) Importer(815301076,1909f56bfc062723c751e8b465ee728b)
Start importing Assets/TextMesh Pro/Fonts/LiberationSans.ttf using Guid(e3265ab4bf004d28a9537516768c1c75) Importer(815301076,1909f56bfc062723c751e8b465ee728b)  -> (artifact id: '15ebe4ab984d3116c78f19e11443b809') in 0.030771 seconds 
========================================================================
Received Import Request.
  Time since last request: 32.205320 seconds.
  path: Assets/TextMesh Pro/Resources/Fonts & Materials
  artifactKey: Guid(731f1baa9d144a9897cb1d341c2092b8) Importer(815301076,1909f56bfc062723c751e8b465ee728b)
Start importing Assets/TextMesh Pro/Resources/Fonts & Materials using Guid(731f1baa9d144a9897cb1d341c2092b8) Importer(815301076,1909f56bfc062723c751e8b465ee728b)  -> (artifact id: 'ffd79b22ef018eaede018763e8cb0fc6') in 0.007813 seconds 
========================================================================
Received Import Request.
  Time since last request: 12.342155 seconds.
  path: Assets/TextMesh Pro/Fonts/CuteNCuddly-vmZAD SDF.asset
  artifactKey: Guid(e76814b597e5b7a4d9d0c1952a915ab1) Importer(815301076,1909f56bfc062723c751e8b465ee728b)
Start importing Assets/TextMesh Pro/Fonts/CuteNCuddly-vmZAD SDF.asset using Guid(e76814b597e5b7a4d9d0c1952a915ab1) Importer(815301076,1909f56bfc062723c751e8b465ee728b)  -> (artifact id: 'b5bea32b826bc6023fc51a4c3c605c58') in 0.041394 seconds 
========================================================================
Received Prepare
Registering precompiled user dll's ...
Registered in 0.003260 seconds.
Begin MonoManager ReloadAssembly
Native extension for WindowsStandalone target not found
Native extension for OSXStandalone target not found
Refreshing native plugins compatible for Editor in 0.62 ms, found 2 plugins.
Preloading 0 native plugins for Editor in 0.00 ms.
Mono: successfully reloaded assembly
- Completed reload, in  1.033 seconds
Platform modules already initialized, skipping
Refreshing native plugins compatible for Editor in 0.67 ms, found 2 plugins.
Preloading 0 native plugins for Editor in 0.00 ms.
Unloading 3369 Unused Serialized files (Serialized files now loaded: 0)
System memory in use before: 148.6 MB.
System memory in use after: 148.9 MB.

Unloading 12 unused Assets to reduce memory usage. Loaded Objects now: 4179.
Total: 2.737100 ms (FindLiveObjects: 0.348300 ms CreateObjectMapping: 0.203600 ms MarkObjects: 2.164600 ms  DeleteObjects: 0.019300 ms)

========================================================================
Received Prepare
Registering precompiled user dll's ...
Registered in 0.005075 seconds.
Begin MonoManager ReloadAssembly
Native extension for WindowsStandalone target not found
Native extension for OSXStandalone target not found
Refreshing native plugins compatible for Editor in 0.72 ms, found 2 plugins.
Preloading 0 native plugins for Editor in 0.00 ms.
Mono: successfully reloaded assembly
- Completed reload, in  1.271 seconds
Platform modules already initialized, skipping
Refreshing native plugins compatible for Editor in 0.70 ms, found 2 plugins.
Preloading 0 native plugins for Editor in 0.00 ms.
Unloading 3366 Unused Serialized files (Serialized files now loaded: 0)
System memory in use before: 148.6 MB.
System memory in use after: 148.8 MB.

Unloading 12 unused Assets to reduce memory usage. Loaded Objects now: 4183.
Total: 3.729700 ms (FindLiveObjects: 0.430300 ms CreateObjectMapping: 0.405500 ms MarkObjects: 2.845800 ms  DeleteObjects: 0.046600 ms)

========================================================================
Received Prepare
Registering precompiled user dll's ...
Registered in 0.004278 seconds.
Begin MonoManager ReloadAssembly
Native extension for WindowsStandalone target not found
Native extension for OSXStandalone target not found
Refreshing native plugins compatible for Editor in 0.71 ms, found 2 plugins.
Preloading 0 native plugins for Editor in 0.00 ms.
Mono: successfully reloaded assembly
- Completed reload, in  1.235 seconds
Platform modules already initialized, skipping
Refreshing native plugins compatible for Editor in 0.87 ms, found 2 plugins.
Preloading 0 native plugins for Editor in 0.00 ms.
Unloading 3366 Unused Serialized files (Serialized files now loaded: 0)
System memory in use before: 148.6 MB.
System memory in use after: 148.8 MB.

Unloading 12 unused Assets to reduce memory usage. Loaded Objects now: 4187.
Total: 3.433000 ms (FindLiveObjects: 0.377600 ms CreateObjectMapping: 0.263800 ms MarkObjects: 2.767900 ms  DeleteObjects: 0.022000 ms)

========================================================================
Received Prepare
Registering precompiled user dll's ...
Registered in 0.004517 seconds.
Begin MonoManager ReloadAssembly
Native extension for WindowsStandalone target not found
Native extension for OSXStandalone target not found
Refreshing native plugins compatible for Editor in 0.70 ms, found 2 plugins.
Preloading 0 native plugins for Editor in 0.00 ms.
Mono: successfully reloaded assembly
- Completed reload, in  1.220 seconds
Platform modules already initialized, skipping
Refreshing native plugins compatible for Editor in 0.83 ms, found 2 plugins.
Preloading 0 native plugins for Editor in 0.00 ms.
Unloading 3366 Unused Serialized files (Serialized files now loaded: 0)
System memory in use before: 148.6 MB.
System memory in use after: 148.8 MB.

Unloading 12 unused Assets to reduce memory usage. Loaded Objects now: 4191.
Total: 3.576100 ms (FindLiveObjects: 0.293100 ms CreateObjectMapping: 0.234500 ms MarkObjects: 3.027000 ms  DeleteObjects: 0.020300 ms)

========================================================================
Received Import Request.
  Time since last request: 528.828119 seconds.
  path: Assets/2D Assets/Interactable/INT_Clock.png
  artifactKey: Guid(aa7064881c298d742a6796cd085775ee) Importer(815301076,1909f56bfc062723c751e8b465ee728b)
Start importing Assets/2D Assets/Interactable/INT_Clock.png using Guid(aa7064881c298d742a6796cd085775ee) Importer(815301076,1909f56bfc062723c751e8b465ee728b)  -> (artifact id: '1c7438c008df9e640b129bae2beb664e') in 0.072435 seconds 
========================================================================
Received Import Request.
  Time since last request: 34.441581 seconds.
  path: Assets/2D Assets/Interactable/INT_DVDPlayer.png
  artifactKey: Guid(a3292be78d3351a41b91bbb11b270790) Importer(815301076,1909f56bfc062723c751e8b465ee728b)
Start importing Assets/2D Assets/Interactable/INT_DVDPlayer.png using Guid(a3292be78d3351a41b91bbb11b270790) Importer(815301076,1909f56bfc062723c751e8b465ee728b)  -> (artifact id: 'a69f43f02499b885440ff5fe18be7690') in 0.018299 seconds 
========================================================================
Received Prepare
Registering precompiled user dll's ...
Registered in 0.003229 seconds.
Begin MonoManager ReloadAssembly
Native extension for WindowsStandalone target not found
Native extension for OSXStandalone target not found
Refreshing native plugins compatible for Editor in 0.78 ms, found 2 plugins.
Preloading 0 native plugins for Editor in 0.00 ms.
Mono: successfully reloaded assembly
- Completed reload, in  1.000 seconds
Platform modules already initialized, skipping
Refreshing native plugins compatible for Editor in 0.64 ms, found 2 plugins.
Preloading 0 native plugins for Editor in 0.00 ms.
Unloading 3368 Unused Serialized files (Serialized files now loaded: 0)
System memory in use before: 149.5 MB.
System memory in use after: 149.8 MB.

Unloading 12 unused Assets to reduce memory usage. Loaded Objects now: 4229.
Total: 2.638300 ms (FindLiveObjects: 0.311500 ms CreateObjectMapping: 0.198500 ms MarkObjects: 2.109900 ms  DeleteObjects: 0.017500 ms)

========================================================================
Received Prepare
Registering precompiled user dll's ...
Registered in 0.003393 seconds.
Begin MonoManager ReloadAssembly
Native extension for WindowsStandalone target not found
Native extension for OSXStandalone target not found
Refreshing native plugins compatible for Editor in 0.61 ms, found 2 plugins.
Preloading 0 native plugins for Editor in 0.00 ms.
Mono: successfully reloaded assembly
- Completed reload, in  1.052 seconds
Platform modules already initialized, skipping
Refreshing native plugins compatible for Editor in 0.74 ms, found 2 plugins.
Preloading 0 native plugins for Editor in 0.00 ms.
Unloading 3366 Unused Serialized files (Serialized files now loaded: 0)
System memory in use before: 149.5 MB.
System memory in use after: 149.7 MB.

Unloading 12 unused Assets to reduce memory usage. Loaded Objects now: 4233.
Total: 2.558600 ms (FindLiveObjects: 0.292300 ms CreateObjectMapping: 0.179000 ms MarkObjects: 2.070400 ms  DeleteObjects: 0.015800 ms)

========================================================================
Received Import Request.
  Time since last request: 241.530383 seconds.
  path: Assets/2D Assets/Background
  artifactKey: Guid(d138b496744f91c4fa7a346a3872b311) Importer(815301076,1909f56bfc062723c751e8b465ee728b)
Start importing Assets/2D Assets/Background using Guid(d138b496744f91c4fa7a346a3872b311) Importer(815301076,1909f56bfc062723c751e8b465ee728b)  -> (artifact id: 'c8a3ec17ec7abeb1612ac58531395a29') in 0.011588 seconds 
========================================================================
Received Import Request.
  Time since last request: 1.414320 seconds.
  path: Assets/2D Assets/Background/BG_Tv cabinet.png
  artifactKey: Guid(e279f6877acf99741adb424f36d52d9f) Importer(815301076,1909f56bfc062723c751e8b465ee728b)
Start importing Assets/2D Assets/Background/BG_Tv cabinet.png using Guid(e279f6877acf99741adb424f36d52d9f) Importer(815301076,1909f56bfc062723c751e8b465ee728b)  -> (artifact id: 'da3ec1ce8655ef855c16dcab26d5b9de') in 0.056382 seconds 
========================================================================
Received Import Request.
  Time since last request: 0.760712 seconds.
  path: Assets/2D Assets/Background/BG_Window.png
  artifactKey: Guid(f8eb9fbc69456e34e83c3861dc7e35f5) Importer(815301076,1909f56bfc062723c751e8b465ee728b)
Start importing Assets/2D Assets/Background/BG_Window.png using Guid(f8eb9fbc69456e34e83c3861dc7e35f5) Importer(815301076,1909f56bfc062723c751e8b465ee728b)  -> (artifact id: 'dc487e9b841494012b2d0f6f877206dd') in 0.023940 seconds 
========================================================================
Received Import Request.
  Time since last request: 1.319939 seconds.
  path: Assets/2D Assets/Background/BG_Stand.png
  artifactKey: Guid(9c2878661c8cf754583cb35b0abab544) Importer(815301076,1909f56bfc062723c751e8b465ee728b)
Start importing Assets/2D Assets/Background/BG_Stand.png using Guid(9c2878661c8cf754583cb35b0abab544) Importer(815301076,1909f56bfc062723c751e8b465ee728b)  -> (artifact id: 'e6a50750a066c08dfb55c0f1642ee65d') in 0.019740 seconds 
========================================================================
Received Import Request.
  Time since last request: 0.828663 seconds.
  path: Assets/2D Assets/Background/BG_Couch.png
  artifactKey: Guid(4387dbf11066f324b91d9a5f10687143) Importer(815301076,1909f56bfc062723c751e8b465ee728b)
Start importing Assets/2D Assets/Background/BG_Couch.png using Guid(4387dbf11066f324b91d9a5f10687143) Importer(815301076,1909f56bfc062723c751e8b465ee728b)  -> (artifact id: '4c02baed913d3fdb1e6ed60b408b5ea5') in 0.018185 seconds 
========================================================================
Received Import Request.
  Time since last request: 0.994714 seconds.
  path: Assets/2D Assets/Background/BG_Background.png
  artifactKey: Guid(37875a2ce2f3b7c4690de0e9dd65ab02) Importer(815301076,1909f56bfc062723c751e8b465ee728b)
Start importing Assets/2D Assets/Background/BG_Background.png using Guid(37875a2ce2f3b7c4690de0e9dd65ab02) Importer(815301076,1909f56bfc062723c751e8b465ee728b)  -> (artifact id: '22d6b158c374e7fd2071424869791e01') in 0.021784 seconds 
========================================================================
Received Import Request.
  Time since last request: 0.688165 seconds.
  path: Assets/2D Assets/Background/BG_Cabinet.png
  artifactKey: Guid(690e15c7ea3bec34f9b12663db5e5cd4) Importer(815301076,1909f56bfc062723c751e8b465ee728b)
Start importing Assets/2D Assets/Background/BG_Cabinet.png using Guid(690e15c7ea3bec34f9b12663db5e5cd4) Importer(815301076,1909f56bfc062723c751e8b465ee728b)  -> (artifact id: '5a5a659ae3cebfa2206baac09dd0dd3e') in 0.015919 seconds 
========================================================================
Received Import Request.
  Time since last request: 4.764215 seconds.
  path: Assets/2D Assets/Interactable/INT_TV.png
  artifactKey: Guid(97e396eed45dd5a4f90a812af29da796) Importer(815301076,1909f56bfc062723c751e8b465ee728b)
Start importing Assets/2D Assets/Interactable/INT_TV.png using Guid(97e396eed45dd5a4f90a812af29da796) Importer(815301076,1909f56bfc062723c751e8b465ee728b)  -> (artifact id: '1b113cb67c6b0ca006a21e16e31f6cd6') in 0.032224 seconds 
========================================================================
Received Import Request.
  Time since last request: 257.854524 seconds.
  path: Assets/2D Assets/Interactable
  artifactKey: Guid(9b6e838817036b04a9878cd5b97fb8fc) Importer(815301076,1909f56bfc062723c751e8b465ee728b)
Start importing Assets/2D Assets/Interactable using Guid(9b6e838817036b04a9878cd5b97fb8fc) Importer(815301076,1909f56bfc062723c751e8b465ee728b)  -> (artifact id: 'f8a0cfd71f059dc9ae17910266dd0bd0') in 0.008289 seconds 
========================================================================
Received Import Request.
  Time since last request: 5.179521 seconds.
  path: Assets/2D Assets
  artifactKey: Guid(2a61be689fdd5264c94e0da0cc117d9f) Importer(815301076,1909f56bfc062723c751e8b465ee728b)
Start importing Assets/2D Assets using Guid(2a61be689fdd5264c94e0da0cc117d9f) Importer(815301076,1909f56bfc062723c751e8b465ee728b)  -> (artifact id: 'a90c5e8682fe717ec9aef9405eda6eea') in 0.008519 seconds 
========================================================================
Received Import Request.
  Time since last request: 11.320747 seconds.
  path: Assets/2D Assets/Interactable Broken
  artifactKey: Guid(cf0ea528592cfe8468a3ebbaeda526e6) Importer(815301076,1909f56bfc062723c751e8b465ee728b)
Start importing Assets/2D Assets/Interactable Broken using Guid(cf0ea528592cfe8468a3ebbaeda526e6) Importer(815301076,1909f56bfc062723c751e8b465ee728b)  -> (artifact id: 'ef8679875ee9bdda82a5769a4aa601d7') in 0.007932 seconds 
========================================================================
Received Prepare
Registering precompiled user dll's ...
Registered in 0.003340 seconds.
Begin MonoManager ReloadAssembly
Native extension for WindowsStandalone target not found
Native extension for OSXStandalone target not found
Refreshing native plugins compatible for Editor in 0.69 ms, found 2 plugins.
Preloading 0 native plugins for Editor in 0.00 ms.
Mono: successfully reloaded assembly
- Completed reload, in  1.004 seconds
Platform modules already initialized, skipping
Refreshing native plugins compatible for Editor in 0.62 ms, found 2 plugins.
Preloading 0 native plugins for Editor in 0.00 ms.
Unloading 3373 Unused Serialized files (Serialized files now loaded: 0)
System memory in use before: 156.1 MB.
System memory in use after: 156.3 MB.

Unloading 12 unused Assets to reduce memory usage. Loaded Objects now: 4357.
Total: 3.034300 ms (FindLiveObjects: 0.307100 ms CreateObjectMapping: 0.185300 ms MarkObjects: 2.520700 ms  DeleteObjects: 0.020100 ms)

========================================================================
Received Prepare
Registering precompiled user dll's ...
Registered in 0.004017 seconds.
Begin MonoManager ReloadAssembly
Native extension for WindowsStandalone target not found
Native extension for OSXStandalone target not found
Refreshing native plugins compatible for Editor in 0.63 ms, found 2 plugins.
Preloading 0 native plugins for Editor in 0.00 ms.
Mono: successfully reloaded assembly
- Completed reload, in  0.984 seconds
Platform modules already initialized, skipping
Refreshing native plugins compatible for Editor in 0.62 ms, found 2 plugins.
Preloading 0 native plugins for Editor in 0.00 ms.
Unloading 3366 Unused Serialized files (Serialized files now loaded: 0)
System memory in use before: 155.8 MB.
System memory in use after: 156.0 MB.

Unloading 12 unused Assets to reduce memory usage. Loaded Objects now: 4361.
Total: 2.836700 ms (FindLiveObjects: 0.378600 ms CreateObjectMapping: 0.250000 ms MarkObjects: 2.188200 ms  DeleteObjects: 0.018800 ms)

========================================================================
Received Import Request.
  Time since last request: 330.001921 seconds.
  path: Assets/2D Assets/UI
  artifactKey: Guid(717310cfc4b7d164e8c73006cb57c106) Importer(815301076,1909f56bfc062723c751e8b465ee728b)
Start importing Assets/2D Assets/UI using Guid(717310cfc4b7d164e8c73006cb57c106) Importer(815301076,1909f56bfc062723c751e8b465ee728b)  -> (artifact id: 'dac723015879f413042186b489893bec') in 0.014153 seconds 
========================================================================
Received Import Request.
  Time since last request: 7.747433 seconds.
  path: Assets/2D Assets/UI/Buttons.ai
  artifactKey: Guid(d19eac59d2cbb094f9f127d7d3cd675c) Importer(815301076,1909f56bfc062723c751e8b465ee728b)
Start importing Assets/2D Assets/UI/Buttons.ai using Guid(d19eac59d2cbb094f9f127d7d3cd675c) Importer(815301076,1909f56bfc062723c751e8b465ee728b)  -> (artifact id: '00f08b56b208d954f4947d3c7dbe9ceb') in 0.018365 seconds 
========================================================================
Received Import Request.
  Time since last request: 32.472015 seconds.
  path: Assets/2D Assets/UI/UI_Buttons.png
  artifactKey: Guid(82ea38940f0bc6e41bcfacfde0592804) Importer(815301076,1909f56bfc062723c751e8b465ee728b)
Start importing Assets/2D Assets/UI/UI_Buttons.png using Guid(82ea38940f0bc6e41bcfacfde0592804) Importer(815301076,1909f56bfc062723c751e8b465ee728b)  -> (artifact id: 'be95bc8139c907ff9773983355388724') in 0.074272 seconds 
========================================================================
Received Import Request.
  Time since last request: 4.824625 seconds.
  path: Assets/2D Assets/UI/UI_BOOM.png
  artifactKey: Guid(a5376fcba0b871e44bf03ddf58572dba) Importer(815301076,1909f56bfc062723c751e8b465ee728b)
Start importing Assets/2D Assets/UI/UI_BOOM.png using Guid(a5376fcba0b871e44bf03ddf58572dba) Importer(815301076,1909f56bfc062723c751e8b465ee728b)  -> (artifact id: '4739a02c9293108e544c26ff7a226825') in 0.040336 seconds 
========================================================================
Received Import Request.
  Time since last request: 8.269732 seconds.
  path: Assets/2D Assets/UI/UI_Buttons.png
  artifactKey: Guid(82ea38940f0bc6e41bcfacfde0592804) Importer(815301076,1909f56bfc062723c751e8b465ee728b)
Start importing Assets/2D Assets/UI/UI_Buttons.png using Guid(82ea38940f0bc6e41bcfacfde0592804) Importer(815301076,1909f56bfc062723c751e8b465ee728b)  -> (artifact id: '358f01d9efdd004353dd9ca32e9f2c8f') in 0.040168 seconds 
========================================================================
Received Import Request.
  Time since last request: 1.477985 seconds.
  path: Assets/2D Assets/UI/UI_Tail Timer.png
  artifactKey: Guid(1e6931a01e4d55548a9a74115fb6580a) Importer(815301076,1909f56bfc062723c751e8b465ee728b)
Start importing Assets/2D Assets/UI/UI_Tail Timer.png using Guid(1e6931a01e4d55548a9a74115fb6580a) Importer(815301076,1909f56bfc062723c751e8b465ee728b)  -> (artifact id: '85c08abbcb30f25065356975e3c44084') in 0.018979 seconds 
========================================================================
Received Import Request.
  Time since last request: 3.823986 seconds.
  path: Assets/2D Assets/UI/UI_Buttons.png
  artifactKey: Guid(82ea38940f0bc6e41bcfacfde0592804) Importer(815301076,1909f56bfc062723c751e8b465ee728b)
Start importing Assets/2D Assets/UI/UI_Buttons.png using Guid(82ea38940f0bc6e41bcfacfde0592804) Importer(815301076,1909f56bfc062723c751e8b465ee728b)  -> (artifact id: '43bc5f47131d4904296da7af20b2407e') in 0.018667 seconds 
========================================================================
Received Import Request.
  Time since last request: 8.386949 seconds.
  path: Assets/2D Assets/UI/UI_Buttons.png
  artifactKey: Guid(82ea38940f0bc6e41bcfacfde0592804) Importer(815301076,1909f56bfc062723c751e8b465ee728b)
Start importing Assets/2D Assets/UI/UI_Buttons.png using Guid(82ea38940f0bc6e41bcfacfde0592804) Importer(815301076,1909f56bfc062723c751e8b465ee728b)  -> (artifact id: '5ba367e50d672f60d8ebcf1b2477d4c8') in 0.026673 seconds 
========================================================================
Received Import Request.
  Time since last request: 17.077804 seconds.
  path: Assets/2D Assets/UI/UI_Buttons.png
  artifactKey: Guid(82ea38940f0bc6e41bcfacfde0592804) Importer(815301076,1909f56bfc062723c751e8b465ee728b)
Start importing Assets/2D Assets/UI/UI_Buttons.png using Guid(82ea38940f0bc6e41bcfacfde0592804) Importer(815301076,1909f56bfc062723c751e8b465ee728b)  -> (artifact id: '3c18e5aa66ccd07c90b04a4cb145c2c2') in 0.049421 seconds 
========================================================================
Received Import Request.
  Time since last request: 39.917936 seconds.
  path: Assets/2D Assets/UI/UI_Buttons.png
  artifactKey: Guid(82ea38940f0bc6e41bcfacfde0592804) Importer(815301076,1909f56bfc062723c751e8b465ee728b)
Start importing Assets/2D Assets/UI/UI_Buttons.png using Guid(82ea38940f0bc6e41bcfacfde0592804) Importer(815301076,1909f56bfc062723c751e8b465ee728b)  -> (artifact id: '7f44c7608db2193618d35cf1c8bc75bc') in 0.019765 seconds 
========================================================================
Received Prepare
Registering precompiled user dll's ...
Registered in 0.003343 seconds.
Begin MonoManager ReloadAssembly
Native extension for WindowsStandalone target not found
Native extension for OSXStandalone target not found
Refreshing native plugins compatible for Editor in 0.65 ms, found 2 plugins.
Preloading 0 native plugins for Editor in 0.00 ms.
Mono: successfully reloaded assembly
- Completed reload, in  1.085 seconds
Platform modules already initialized, skipping
Refreshing native plugins compatible for Editor in 0.63 ms, found 2 plugins.
Preloading 0 native plugins for Editor in 0.00 ms.
Unloading 3369 Unused Serialized files (Serialized files now loaded: 0)
System memory in use before: 169.4 MB.
System memory in use after: 169.6 MB.

Unloading 12 unused Assets to reduce memory usage. Loaded Objects now: 4489.
Total: 2.967500 ms (FindLiveObjects: 0.311900 ms CreateObjectMapping: 0.170800 ms MarkObjects: 2.464700 ms  DeleteObjects: 0.019100 ms)

========================================================================
Received Prepare
Registering precompiled user dll's ...
Registered in 0.003250 seconds.
Begin MonoManager ReloadAssembly
Native extension for WindowsStandalone target not found
Native extension for OSXStandalone target not found
Refreshing native plugins compatible for Editor in 0.93 ms, found 2 plugins.
Preloading 0 native plugins for Editor in 0.00 ms.
Mono: successfully reloaded assembly
- Completed reload, in  0.984 seconds
Platform modules already initialized, skipping
Refreshing native plugins compatible for Editor in 0.64 ms, found 2 plugins.
Preloading 0 native plugins for Editor in 0.00 ms.
Unloading 3366 Unused Serialized files (Serialized files now loaded: 0)
System memory in use before: 169.3 MB.
System memory in use after: 169.5 MB.

Unloading 12 unused Assets to reduce memory usage. Loaded Objects now: 4493.
Total: 3.098600 ms (FindLiveObjects: 0.377300 ms CreateObjectMapping: 0.269900 ms MarkObjects: 2.429800 ms  DeleteObjects: 0.020500 ms)

========================================================================
Received Prepare
Registering precompiled user dll's ...
Registered in 0.003217 seconds.
Begin MonoManager ReloadAssembly
Native extension for WindowsStandalone target not found
Native extension for OSXStandalone target not found
Refreshing native plugins compatible for Editor in 0.62 ms, found 2 plugins.
Preloading 0 native plugins for Editor in 0.00 ms.
Mono: successfully reloaded assembly
- Completed reload, in  0.987 seconds
Platform modules already initialized, skipping
Refreshing native plugins compatible for Editor in 0.62 ms, found 2 plugins.
Preloading 0 native plugins for Editor in 0.00 ms.
Unloading 3366 Unused Serialized files (Serialized files now loaded: 0)
System memory in use before: 169.3 MB.
System memory in use after: 169.5 MB.

Unloading 12 unused Assets to reduce memory usage. Loaded Objects now: 4497.
Total: 2.759000 ms (FindLiveObjects: 0.322500 ms CreateObjectMapping: 0.201500 ms MarkObjects: 2.215000 ms  DeleteObjects: 0.018900 ms)

========================================================================
Received Prepare
Registering precompiled user dll's ...
Registered in 0.003239 seconds.
Begin MonoManager ReloadAssembly
Native extension for WindowsStandalone target not found
Native extension for OSXStandalone target not found
Refreshing native plugins compatible for Editor in 0.63 ms, found 2 plugins.
Preloading 0 native plugins for Editor in 0.00 ms.
Mono: successfully reloaded assembly
- Completed reload, in  0.988 seconds
Platform modules already initialized, skipping
Refreshing native plugins compatible for Editor in 0.66 ms, found 2 plugins.
Preloading 0 native plugins for Editor in 0.00 ms.
Unloading 3366 Unused Serialized files (Serialized files now loaded: 0)
System memory in use before: 169.3 MB.
System memory in use after: 169.5 MB.

Unloading 12 unused Assets to reduce memory usage. Loaded Objects now: 4501.
Total: 2.752400 ms (FindLiveObjects: 0.331800 ms CreateObjectMapping: 0.197400 ms MarkObjects: 2.202400 ms  DeleteObjects: 0.019900 ms)

========================================================================
Received Prepare
Registering precompiled user dll's ...
Registered in 0.003782 seconds.
Begin MonoManager ReloadAssembly
Native extension for WindowsStandalone target not found
Native extension for OSXStandalone target not found
Refreshing native plugins compatible for Editor in 0.73 ms, found 2 plugins.
Preloading 0 native plugins for Editor in 0.00 ms.
Mono: successfully reloaded assembly
- Completed reload, in  0.981 seconds
Platform modules already initialized, skipping
Refreshing native plugins compatible for Editor in 0.59 ms, found 2 plugins.
Preloading 0 native plugins for Editor in 0.00 ms.
Unloading 3366 Unused Serialized files (Serialized files now loaded: 0)
System memory in use before: 169.3 MB.
System memory in use after: 169.6 MB.

Unloading 12 unused Assets to reduce memory usage. Loaded Objects now: 4505.
Total: 2.575600 ms (FindLiveObjects: 0.306100 ms CreateObjectMapping: 0.173500 ms MarkObjects: 2.079800 ms  DeleteObjects: 0.015200 ms)

========================================================================
Received Prepare
Registering precompiled user dll's ...
Registered in 0.003928 seconds.
Begin MonoManager ReloadAssembly
Native extension for WindowsStandalone target not found
Native extension for OSXStandalone target not found
Refreshing native plugins compatible for Editor in 1.00 ms, found 2 plugins.
Preloading 0 native plugins for Editor in 0.00 ms.
Mono: successfully reloaded assembly
- Completed reload, in  1.094 seconds
Platform modules already initialized, skipping
Refreshing native plugins compatible for Editor in 0.64 ms, found 2 plugins.
Preloading 0 native plugins for Editor in 0.00 ms.
Unloading 3366 Unused Serialized files (Serialized files now loaded: 0)
System memory in use before: 169.3 MB.
System memory in use after: 169.6 MB.

Unloading 12 unused Assets to reduce memory usage. Loaded Objects now: 4509.
Total: 2.832200 ms (FindLiveObjects: 0.313300 ms CreateObjectMapping: 0.177700 ms MarkObjects: 2.322100 ms  DeleteObjects: 0.017900 ms)

AssetImportWorkerClient::OnTransportError - code=2 error=End of file
