Using pre-set license
Built from '2021.1/staging' branch; Version is '2021.1.6f1 (c0fade0cc7e9) revision 12647134'; Using compiler version '192528614'; Build Type 'Release'
OS: 'Windows 10 Enterprise; OS build 19041.1348; Version 2004; 64bit' Language: 'en' Physical Memory: 32683 MB
BatchMode: 1, IsHumanControllingUs: 0, StartBugReporterOnCrash: 0, Is64bit: 1, IsPro: 0

 COMMAND LINE ARGUMENTS:
C:\Program Files\Unity 2021.1.6f1\Editor\Unity.exe
-adb2
-batchMode
-noUpm
-name
AssetImportWorker0
-projectPath
C:/Users/bsandall2/Documents/GitHub/LenaIsAmgry
-logFile
Logs/AssetImportWorker0.log
-srvPort
53043
Successfully changed project path to: C:/Users/bsandall2/Documents/GitHub/LenaIsAmgry
C:/Users/bsandall2/Documents/GitHub/LenaIsAmgry
Using Asset Import Pipeline V2.
Refreshing native plugins compatible for Editor in 92.98 ms, found 2 plugins.
Preloading 0 native plugins for Editor in 0.00 ms.
Initialize engine version: 2021.1.6f1 (c0fade0cc7e9)
[Subsystems] Discovering subsystems at path C:/Program Files/Unity 2021.1.6f1/Editor/Data/Resources/UnitySubsystems
[Subsystems] Discovering subsystems at path C:/Users/bsandall2/Documents/GitHub/LenaIsAmgry/Assets
GfxDevice: creating device client; threaded=0; jobified=0
Direct3D:
    Version:  Direct3D 11.0 [level 11.1]
    Renderer: NVIDIA GeForce GTX 980 (ID=0x13c0)
    Vendor:   NVIDIA
    VRAM:     4053 MB
    Driver:   27.21.14.5671
Initialize mono
Mono path[0] = 'C:/Program Files/Unity 2021.1.6f1/Editor/Data/Managed'
Mono path[1] = 'C:/Program Files/Unity 2021.1.6f1/Editor/Data/MonoBleedingEdge/lib/mono/unityjit'
Mono config path = 'C:/Program Files/Unity 2021.1.6f1/Editor/Data/MonoBleedingEdge/etc'
Using monoOptions --debugger-agent=transport=dt_socket,embedding=1,server=y,suspend=n,address=127.0.0.1:56944
Begin MonoManager ReloadAssembly
Registering precompiled unity dll's ...
Register platform support module: C:/Program Files/Unity 2021.1.6f1/Editor/Data/PlaybackEngines/WindowsStandaloneSupport/UnityEditor.WindowsStandalone.Extensions.dll
Registered in 0.002600 seconds.
Native extension for WindowsStandalone target not found
Refreshing native plugins compatible for Editor in 92.13 ms, found 2 plugins.
Preloading 0 native plugins for Editor in 0.00 ms.
Mono: successfully reloaded assembly
- Completed reload, in  1.446 seconds
Platform modules already initialized, skipping
Registering precompiled user dll's ...
Registered in 0.014636 seconds.
Begin MonoManager ReloadAssembly
Native extension for WindowsStandalone target not found
Refreshing native plugins compatible for Editor in 94.97 ms, found 2 plugins.
Preloading 0 native plugins for Editor in 0.00 ms.
Mono: successfully reloaded assembly
- Completed reload, in  1.177 seconds
Platform modules already initialized, skipping
========================================================================
Worker process is ready to serve import requests
Launched and connected shader compiler UnityShaderCompiler.exe after 0.08 seconds
Refreshing native plugins compatible for Editor in 0.61 ms, found 2 plugins.
Preloading 0 native plugins for Editor in 0.00 ms.
Unloading 3388 Unused Serialized files (Serialized files now loaded: 0)
System memory in use before: 130.0 MB.
System memory in use after: 130.2 MB.

Unloading 24 unused Assets to reduce memory usage. Loaded Objects now: 3845.
Total: 2.590200 ms (FindLiveObjects: 0.245200 ms CreateObjectMapping: 0.176500 ms MarkObjects: 2.037200 ms  DeleteObjects: 0.130400 ms)

========================================================================
Received Import Request.
  path: Assets/2D Assets
  artifactKey: Guid(2a61be689fdd5264c94e0da0cc117d9f) Importer(815301076,1909f56bfc062723c751e8b465ee728b)
Start importing Assets/2D Assets using Guid(2a61be689fdd5264c94e0da0cc117d9f) Importer(815301076,1909f56bfc062723c751e8b465ee728b)  -> (artifact id: 'ea2cb07c11af30caadd0bea561737241') in 0.005871 seconds 
========================================================================
Received Import Request.
  Time since last request: 5.034350 seconds.
  path: Assets/2D Assets/Background
  artifactKey: Guid(d138b496744f91c4fa7a346a3872b311) Importer(815301076,1909f56bfc062723c751e8b465ee728b)
Start importing Assets/2D Assets/Background using Guid(d138b496744f91c4fa7a346a3872b311) Importer(815301076,1909f56bfc062723c751e8b465ee728b)  -> (artifact id: 'cd59255e7526b06de90271a9995a9852') in 0.002847 seconds 
========================================================================
Received Import Request.
  Time since last request: 6.903796 seconds.
  path: Assets/2D Assets/Lena
  artifactKey: Guid(a7818a4e76e9f1d41b5c947a7201436f) Importer(815301076,1909f56bfc062723c751e8b465ee728b)
Start importing Assets/2D Assets/Lena using Guid(a7818a4e76e9f1d41b5c947a7201436f) Importer(815301076,1909f56bfc062723c751e8b465ee728b)  -> (artifact id: 'aceb5f981c856e67c80106a8b4ce3f37') in 0.003867 seconds 
========================================================================
Received Import Request.
  Time since last request: 7.879575 seconds.
  path: Assets/2D Assets/Interactable
  artifactKey: Guid(9b6e838817036b04a9878cd5b97fb8fc) Importer(815301076,1909f56bfc062723c751e8b465ee728b)
Start importing Assets/2D Assets/Interactable using Guid(9b6e838817036b04a9878cd5b97fb8fc) Importer(815301076,1909f56bfc062723c751e8b465ee728b)  -> (artifact id: 'f81ca81c73d95d9f9592c7e3dd5f1010') in 0.003495 seconds 
========================================================================
Received Import Request.
  Time since last request: 68.738957 seconds.
  path: Assets/2D Assets/Background/BG_Background.png
  artifactKey: Guid(37875a2ce2f3b7c4690de0e9dd65ab02) Importer(815301076,1909f56bfc062723c751e8b465ee728b)
Start importing Assets/2D Assets/Background/BG_Background.png using Guid(37875a2ce2f3b7c4690de0e9dd65ab02) Importer(815301076,1909f56bfc062723c751e8b465ee728b)  -> (artifact id: '8e7f98da35dcdbf7260d041b98daf970') in 0.235239 seconds 
========================================================================
Received Import Request.
  Time since last request: 0.000389 seconds.
  path: Assets/2D Assets/Background/BG_Couch.png
  artifactKey: Guid(4387dbf11066f324b91d9a5f10687143) Importer(815301076,1909f56bfc062723c751e8b465ee728b)
Start importing Assets/2D Assets/Background/BG_Couch.png using Guid(4387dbf11066f324b91d9a5f10687143) Importer(815301076,1909f56bfc062723c751e8b465ee728b)  -> (artifact id: 'd49efbb195567b77f2d38d9e85acb7c9') in 0.016233 seconds 
========================================================================
Received Import Request.
  Time since last request: 0.000446 seconds.
  path: Assets/2D Assets/Background/BG_Cabinet.png
  artifactKey: Guid(690e15c7ea3bec34f9b12663db5e5cd4) Importer(815301076,1909f56bfc062723c751e8b465ee728b)
Start importing Assets/2D Assets/Background/BG_Cabinet.png using Guid(690e15c7ea3bec34f9b12663db5e5cd4) Importer(815301076,1909f56bfc062723c751e8b465ee728b)  -> (artifact id: '9c95270848118046de60a4f9e0907411') in 0.013663 seconds 
========================================================================
Received Import Request.
  Time since last request: 0.000340 seconds.
  path: Assets/2D Assets/Background/BG_Tv cabinet.png
  artifactKey: Guid(e279f6877acf99741adb424f36d52d9f) Importer(815301076,1909f56bfc062723c751e8b465ee728b)
Start importing Assets/2D Assets/Background/BG_Tv cabinet.png using Guid(e279f6877acf99741adb424f36d52d9f) Importer(815301076,1909f56bfc062723c751e8b465ee728b)  -> (artifact id: 'f444df21a903f97419057d9fda1b30b4') in 0.025213 seconds 
========================================================================
Received Import Request.
  Time since last request: 0.000316 seconds.
  path: Assets/2D Assets/Background/BG_Window.png
  artifactKey: Guid(f8eb9fbc69456e34e83c3861dc7e35f5) Importer(815301076,1909f56bfc062723c751e8b465ee728b)
Start importing Assets/2D Assets/Background/BG_Window.png using Guid(f8eb9fbc69456e34e83c3861dc7e35f5) Importer(815301076,1909f56bfc062723c751e8b465ee728b)  -> (artifact id: '51ff7b29131f38c9f42af5199f6ccc8b') in 0.012719 seconds 
========================================================================
Received Import Request.
  Time since last request: 0.000486 seconds.
  path: Assets/2D Assets/Background/BG_Stand.png
  artifactKey: Guid(9c2878661c8cf754583cb35b0abab544) Importer(815301076,1909f56bfc062723c751e8b465ee728b)
Start importing Assets/2D Assets/Background/BG_Stand.png using Guid(9c2878661c8cf754583cb35b0abab544) Importer(815301076,1909f56bfc062723c751e8b465ee728b)  -> (artifact id: 'b77b502897309b7b7bcecb6e887b03f8') in 0.013492 seconds 
========================================================================
Received Import Request.
  Time since last request: 18.497268 seconds.
  path: Assets/2D Assets/Background/BG_Background.png
  artifactKey: Guid(37875a2ce2f3b7c4690de0e9dd65ab02) Importer(815301076,1909f56bfc062723c751e8b465ee728b)
Start importing Assets/2D Assets/Background/BG_Background.png using Guid(37875a2ce2f3b7c4690de0e9dd65ab02) Importer(815301076,1909f56bfc062723c751e8b465ee728b)  -> (artifact id: '36b20b99387f65318b2d76fec95d3d1c') in 0.014762 seconds 
========================================================================
Received Import Request.
  Time since last request: 4.485361 seconds.
  path: Assets/2D Assets/Background/BG_Background.png
  artifactKey: Guid(37875a2ce2f3b7c4690de0e9dd65ab02) Importer(815301076,1909f56bfc062723c751e8b465ee728b)
Start importing Assets/2D Assets/Background/BG_Background.png using Guid(37875a2ce2f3b7c4690de0e9dd65ab02) Importer(815301076,1909f56bfc062723c751e8b465ee728b)  -> (artifact id: '644d33cb41d16cd55f8fd7cd7f00af31') in 0.020685 seconds 
========================================================================
Received Import Request.
  Time since last request: 44.218010 seconds.
  path: Assets/Scenes/GameScene.unity
  artifactKey: Guid(092990d6a5cd21e43bec6bfe885d2d40) Importer(815301076,1909f56bfc062723c751e8b465ee728b)
Start importing Assets/Scenes/GameScene.unity using Guid(092990d6a5cd21e43bec6bfe885d2d40) Importer(815301076,1909f56bfc062723c751e8b465ee728b)  -> (artifact id: 'aff710f5a006b186bde34351142c2668') in 0.003615 seconds 
========================================================================
Received Prepare
Registering precompiled user dll's ...
Registered in 0.006679 seconds.
Begin MonoManager ReloadAssembly
Native extension for WindowsStandalone target not found
Refreshing native plugins compatible for Editor in 0.60 ms, found 2 plugins.
Preloading 0 native plugins for Editor in 0.00 ms.
Mono: successfully reloaded assembly
- Completed reload, in  1.049 seconds
Platform modules already initialized, skipping
Refreshing native plugins compatible for Editor in 0.69 ms, found 2 plugins.
Preloading 0 native plugins for Editor in 0.00 ms.
Unloading 3371 Unused Serialized files (Serialized files now loaded: 0)
System memory in use before: 138.6 MB.
System memory in use after: 138.8 MB.

Unloading 12 unused Assets to reduce memory usage. Loaded Objects now: 3983.
Total: 2.844100 ms (FindLiveObjects: 0.377400 ms CreateObjectMapping: 0.203600 ms MarkObjects: 2.215800 ms  DeleteObjects: 0.046500 ms)

========================================================================
Received Import Request.
  Time since last request: 40.619813 seconds.
  path: Assets/2D Assets/Background/BG_Cabinet.png
  artifactKey: Guid(690e15c7ea3bec34f9b12663db5e5cd4) Importer(815301076,1909f56bfc062723c751e8b465ee728b)
Start importing Assets/2D Assets/Background/BG_Cabinet.png using Guid(690e15c7ea3bec34f9b12663db5e5cd4) Importer(815301076,1909f56bfc062723c751e8b465ee728b)  -> (artifact id: '51119c1a60dd9ef3eb3b80a8e96971cc') in 0.054787 seconds 
========================================================================
Received Import Request.
  Time since last request: 47.734795 seconds.
  path: ProjectSettings/TagManager.asset
  artifactKey: Guid(00000000000000003000000000000000) Importer(815301076,1909f56bfc062723c751e8b465ee728b)
Start importing ProjectSettings/TagManager.asset using Guid(00000000000000003000000000000000) Importer(815301076,1909f56bfc062723c751e8b465ee728b)  -> (artifact id: '95df672b4aaba54310d34c83eef51bb8') in 0.007169 seconds 
========================================================================
Received Import Request.
  Time since last request: 164.717631 seconds.
  path: Assets/2D Assets/Background/BG_Couch.png
  artifactKey: Guid(4387dbf11066f324b91d9a5f10687143) Importer(815301076,1909f56bfc062723c751e8b465ee728b)
Start importing Assets/2D Assets/Background/BG_Couch.png using Guid(4387dbf11066f324b91d9a5f10687143) Importer(815301076,1909f56bfc062723c751e8b465ee728b)  -> (artifact id: '1150f1500e8d96cbbb47ba3f4c9dbafe') in 0.010154 seconds 
========================================================================
Received Import Request.
  Time since last request: 31.346542 seconds.
  path: Assets/2D Assets/Background/BG_Stand.png
  artifactKey: Guid(9c2878661c8cf754583cb35b0abab544) Importer(815301076,1909f56bfc062723c751e8b465ee728b)
Start importing Assets/2D Assets/Background/BG_Stand.png using Guid(9c2878661c8cf754583cb35b0abab544) Importer(815301076,1909f56bfc062723c751e8b465ee728b)  -> (artifact id: '76f44a75d8ee06fbff154e63907af620') in 0.015036 seconds 
========================================================================
Received Import Request.
  Time since last request: 17.146469 seconds.
  path: Assets/2D Assets/Background/BG_Tv cabinet.png
  artifactKey: Guid(e279f6877acf99741adb424f36d52d9f) Importer(815301076,1909f56bfc062723c751e8b465ee728b)
Start importing Assets/2D Assets/Background/BG_Tv cabinet.png using Guid(e279f6877acf99741adb424f36d52d9f) Importer(815301076,1909f56bfc062723c751e8b465ee728b)  -> (artifact id: '94eb77001d93a3ea2cf6077cf2cbb29b') in 0.010406 seconds 
========================================================================
Received Import Request.
  Time since last request: 2.608466 seconds.
  path: Assets/2D Assets/Background/BG_Tv cabinet.png
  artifactKey: Guid(e279f6877acf99741adb424f36d52d9f) Importer(815301076,1909f56bfc062723c751e8b465ee728b)
Start importing Assets/2D Assets/Background/BG_Tv cabinet.png using Guid(e279f6877acf99741adb424f36d52d9f) Importer(815301076,1909f56bfc062723c751e8b465ee728b)  -> (artifact id: 'f16ee9ecc2aebdeb7859088aeb0f3275') in 0.011142 seconds 
========================================================================
Received Import Request.
  Time since last request: 27.371097 seconds.
  path: Assets/2D Assets/Background/BG_Window.png
  artifactKey: Guid(f8eb9fbc69456e34e83c3861dc7e35f5) Importer(815301076,1909f56bfc062723c751e8b465ee728b)
Start importing Assets/2D Assets/Background/BG_Window.png using Guid(f8eb9fbc69456e34e83c3861dc7e35f5) Importer(815301076,1909f56bfc062723c751e8b465ee728b)  -> (artifact id: '5ec761c4824d08aeeadb21f6e2ba5a47') in 0.011738 seconds 
========================================================================
Received Import Request.
  Time since last request: 42.325025 seconds.
  path: Assets/2D Assets/Interactable/INT_Artwork.png
  artifactKey: Guid(3dabc6ec763b4ba4291ae219b9db0259) Importer(815301076,1909f56bfc062723c751e8b465ee728b)
Start importing Assets/2D Assets/Interactable/INT_Artwork.png using Guid(3dabc6ec763b4ba4291ae219b9db0259) Importer(815301076,1909f56bfc062723c751e8b465ee728b)  -> (artifact id: 'c48b7256dc43ce8ceb26b9a669453480') in 0.032896 seconds 
========================================================================
Received Import Request.
  Time since last request: 0.000361 seconds.
  path: Assets/2D Assets/Interactable/INT_Mouse.png
  artifactKey: Guid(dc18c6fd62d566849b7e499d029c7bf1) Importer(815301076,1909f56bfc062723c751e8b465ee728b)
Start importing Assets/2D Assets/Interactable/INT_Mouse.png using Guid(dc18c6fd62d566849b7e499d029c7bf1) Importer(815301076,1909f56bfc062723c751e8b465ee728b)  -> (artifact id: '72ebd167b11f13ac984626098228fb4b') in 0.017459 seconds 
========================================================================
Received Import Request.
  Time since last request: 0.000248 seconds.
  path: Assets/2D Assets/Interactable/INT_Jacket.png
  artifactKey: Guid(1ab266ac752cac34c961f9036129bfdd) Importer(815301076,1909f56bfc062723c751e8b465ee728b)
Start importing Assets/2D Assets/Interactable/INT_Jacket.png using Guid(1ab266ac752cac34c961f9036129bfdd) Importer(815301076,1909f56bfc062723c751e8b465ee728b)  -> (artifact id: '07c5a42b962a9f0f255053bd567a4d0f') in 0.017424 seconds 
========================================================================
Received Import Request.
  Time since last request: 0.000309 seconds.
  path: Assets/2D Assets/Interactable/INT_Book.png
  artifactKey: Guid(5241a36dc5e2e564d925de65dd9b8cb9) Importer(815301076,1909f56bfc062723c751e8b465ee728b)
Start importing Assets/2D Assets/Interactable/INT_Book.png using Guid(5241a36dc5e2e564d925de65dd9b8cb9) Importer(815301076,1909f56bfc062723c751e8b465ee728b)  -> (artifact id: 'b45769690e769686dbc2bad07944e664') in 0.011591 seconds 
========================================================================
Received Import Request.
  Time since last request: 0.000358 seconds.
  path: Assets/2D Assets/Interactable/INT_Bomb.png
  artifactKey: Guid(842cd49cf06ff08459bb289349cc9b1b) Importer(815301076,1909f56bfc062723c751e8b465ee728b)
Start importing Assets/2D Assets/Interactable/INT_Bomb.png using Guid(842cd49cf06ff08459bb289349cc9b1b) Importer(815301076,1909f56bfc062723c751e8b465ee728b)  -> (artifact id: '07006ce645c3f40c625ebba5d9c90f57') in 0.012446 seconds 
========================================================================
Received Import Request.
  Time since last request: 0.000265 seconds.
  path: Assets/2D Assets/Interactable/INT_Book 4.png
  artifactKey: Guid(d9d33d9aa2a1d3d40b527d91fb784bf7) Importer(815301076,1909f56bfc062723c751e8b465ee728b)
Start importing Assets/2D Assets/Interactable/INT_Book 4.png using Guid(d9d33d9aa2a1d3d40b527d91fb784bf7) Importer(815301076,1909f56bfc062723c751e8b465ee728b)  -> (artifact id: 'bc4cdd00dd1f6f511f886a9aecb6bed9') in 0.013613 seconds 
========================================================================
Received Import Request.
  Time since last request: 0.000478 seconds.
  path: Assets/2D Assets/Interactable/INT_Pillow.png
  artifactKey: Guid(5a4a453a15082744798c4193efd16f1d) Importer(815301076,1909f56bfc062723c751e8b465ee728b)
Start importing Assets/2D Assets/Interactable/INT_Pillow.png using Guid(5a4a453a15082744798c4193efd16f1d) Importer(815301076,1909f56bfc062723c751e8b465ee728b)  -> (artifact id: 'df09bfa6256fd026e7cf255ccb23c86f') in 0.024915 seconds 
========================================================================
Received Import Request.
  Time since last request: 0.000317 seconds.
  path: Assets/2D Assets/Interactable/INT_TV.png
  artifactKey: Guid(97e396eed45dd5a4f90a812af29da796) Importer(815301076,1909f56bfc062723c751e8b465ee728b)
Start importing Assets/2D Assets/Interactable/INT_TV.png using Guid(97e396eed45dd5a4f90a812af29da796) Importer(815301076,1909f56bfc062723c751e8b465ee728b)  -> (artifact id: '0cb08e2f44ac14e8be7860aadc35c951') in 0.018565 seconds 
========================================================================
Received Import Request.
  Time since last request: 0.000277 seconds.
  path: Assets/2D Assets/Interactable/INT_Hat.png
  artifactKey: Guid(77547ad9c7753284aa7aa36f1a8f3585) Importer(815301076,1909f56bfc062723c751e8b465ee728b)
Start importing Assets/2D Assets/Interactable/INT_Hat.png using Guid(77547ad9c7753284aa7aa36f1a8f3585) Importer(815301076,1909f56bfc062723c751e8b465ee728b)  -> (artifact id: '743defc73f8cb258855f13643e4c49ae') in 0.011946 seconds 
========================================================================
Received Import Request.
  Time since last request: 0.000552 seconds.
  path: Assets/2D Assets/Interactable/INT_DVDPlayer.png
  artifactKey: Guid(a3292be78d3351a41b91bbb11b270790) Importer(815301076,1909f56bfc062723c751e8b465ee728b)
Start importing Assets/2D Assets/Interactable/INT_DVDPlayer.png using Guid(a3292be78d3351a41b91bbb11b270790) Importer(815301076,1909f56bfc062723c751e8b465ee728b)  -> (artifact id: '30efca75f39371f0bdeabbb168d69fb2') in 0.010642 seconds 
========================================================================
Received Import Request.
  Time since last request: 0.000424 seconds.
  path: Assets/2D Assets/Interactable/INT_DvDs.png
  artifactKey: Guid(9d3950698b4bdd04b845222116b9a271) Importer(815301076,1909f56bfc062723c751e8b465ee728b)
Start importing Assets/2D Assets/Interactable/INT_DvDs.png using Guid(9d3950698b4bdd04b845222116b9a271) Importer(815301076,1909f56bfc062723c751e8b465ee728b)  -> (artifact id: '7433fff6ad40f0b0ad144395ac39d2e2') in 0.010468 seconds 
========================================================================
Received Import Request.
  Time since last request: 0.000445 seconds.
  path: Assets/2D Assets/Interactable/INT_Clock.png
  artifactKey: Guid(aa7064881c298d742a6796cd085775ee) Importer(815301076,1909f56bfc062723c751e8b465ee728b)
Start importing Assets/2D Assets/Interactable/INT_Clock.png using Guid(aa7064881c298d742a6796cd085775ee) Importer(815301076,1909f56bfc062723c751e8b465ee728b)  -> (artifact id: '549cf721fd6247b337700f2429198c4c') in 0.013395 seconds 
========================================================================
Received Import Request.
  Time since last request: 0.000330 seconds.
  path: Assets/2D Assets/Interactable/INT_Pop Vinyl.png
  artifactKey: Guid(8a1ca37d3dd47444bb711b1c80330330) Importer(815301076,1909f56bfc062723c751e8b465ee728b)
Start importing Assets/2D Assets/Interactable/INT_Pop Vinyl.png using Guid(8a1ca37d3dd47444bb711b1c80330330) Importer(815301076,1909f56bfc062723c751e8b465ee728b)  -> (artifact id: 'b2b36c640047a71fd2fd363ba80d56a5') in 0.013629 seconds 
========================================================================
Received Import Request.
  Time since last request: 0.000329 seconds.
  path: Assets/2D Assets/Interactable/INT_Vase.png
  artifactKey: Guid(d27c4ab0022cd6244bf9aaa0b42ea861) Importer(815301076,1909f56bfc062723c751e8b465ee728b)
Start importing Assets/2D Assets/Interactable/INT_Vase.png using Guid(d27c4ab0022cd6244bf9aaa0b42ea861) Importer(815301076,1909f56bfc062723c751e8b465ee728b)  -> (artifact id: '07998f5b22f49851ac93289bb6f3214a') in 0.014070 seconds 
========================================================================
Received Import Request.
  Time since last request: 0.000396 seconds.
  path: Assets/2D Assets/Interactable/INT_PS5.png
  artifactKey: Guid(933eb7fefddcd984f81fff25d4b921c8) Importer(815301076,1909f56bfc062723c751e8b465ee728b)
Start importing Assets/2D Assets/Interactable/INT_PS5.png using Guid(933eb7fefddcd984f81fff25d4b921c8) Importer(815301076,1909f56bfc062723c751e8b465ee728b)  -> (artifact id: '6248bc0c0fa54ae42266a79308369a87') in 0.013095 seconds 
========================================================================
Received Import Request.
  Time since last request: 0.000353 seconds.
  path: Assets/2D Assets/Interactable/INT_BombHandle.png
  artifactKey: Guid(e652b5030dd195949906b962d733fb4f) Importer(815301076,1909f56bfc062723c751e8b465ee728b)
Start importing Assets/2D Assets/Interactable/INT_BombHandle.png using Guid(e652b5030dd195949906b962d733fb4f) Importer(815301076,1909f56bfc062723c751e8b465ee728b)  -> (artifact id: '482bcbf628b8e53306cc4ea084f41f62') in 0.009869 seconds 
========================================================================
Received Import Request.
  Time since last request: 6.116774 seconds.
  path: Assets/2D Assets/Interactable/INT_Artwork.png
  artifactKey: Guid(3dabc6ec763b4ba4291ae219b9db0259) Importer(815301076,1909f56bfc062723c751e8b465ee728b)
Start importing Assets/2D Assets/Interactable/INT_Artwork.png using Guid(3dabc6ec763b4ba4291ae219b9db0259) Importer(815301076,1909f56bfc062723c751e8b465ee728b)  -> (artifact id: 'f391330048840cf738547ff4273e3695') in 0.014991 seconds 
========================================================================
Received Import Request.
  Time since last request: 5.570437 seconds.
  path: Assets/2D Assets/Interactable/INT_Bomb.png
  artifactKey: Guid(842cd49cf06ff08459bb289349cc9b1b) Importer(815301076,1909f56bfc062723c751e8b465ee728b)
Start importing Assets/2D Assets/Interactable/INT_Bomb.png using Guid(842cd49cf06ff08459bb289349cc9b1b) Importer(815301076,1909f56bfc062723c751e8b465ee728b)  -> (artifact id: '332feef70aa0d020b7ee49164cb57835') in 0.010417 seconds 
========================================================================
Received Import Request.
  Time since last request: 5.223924 seconds.
  path: Assets/2D Assets/Interactable/INT_BombHandle.png
  artifactKey: Guid(e652b5030dd195949906b962d733fb4f) Importer(815301076,1909f56bfc062723c751e8b465ee728b)
Start importing Assets/2D Assets/Interactable/INT_BombHandle.png using Guid(e652b5030dd195949906b962d733fb4f) Importer(815301076,1909f56bfc062723c751e8b465ee728b)  -> (artifact id: '0612e86f55bbf40ad292e50d36d9a92d') in 0.010617 seconds 
========================================================================
Received Import Request.
  Time since last request: 6.805271 seconds.
  path: Assets/2D Assets/Interactable/INT_Book 4.png
  artifactKey: Guid(d9d33d9aa2a1d3d40b527d91fb784bf7) Importer(815301076,1909f56bfc062723c751e8b465ee728b)
Start importing Assets/2D Assets/Interactable/INT_Book 4.png using Guid(d9d33d9aa2a1d3d40b527d91fb784bf7) Importer(815301076,1909f56bfc062723c751e8b465ee728b)  -> (artifact id: '634e8d9b1448b38928404315780c29d8') in 0.009852 seconds 
========================================================================
Received Import Request.
  Time since last request: 12.388135 seconds.
  path: Assets/2D Assets/Interactable/INT_Book.png
  artifactKey: Guid(5241a36dc5e2e564d925de65dd9b8cb9) Importer(815301076,1909f56bfc062723c751e8b465ee728b)
Start importing Assets/2D Assets/Interactable/INT_Book.png using Guid(5241a36dc5e2e564d925de65dd9b8cb9) Importer(815301076,1909f56bfc062723c751e8b465ee728b)  -> (artifact id: '5b6494d9b53b52c6227a59e9cbe946ad') in 0.011235 seconds 
========================================================================
Received Import Request.
  Time since last request: 4.525903 seconds.
  path: Assets/2D Assets/Interactable/INT_Clock.png
  artifactKey: Guid(aa7064881c298d742a6796cd085775ee) Importer(815301076,1909f56bfc062723c751e8b465ee728b)
Start importing Assets/2D Assets/Interactable/INT_Clock.png using Guid(aa7064881c298d742a6796cd085775ee) Importer(815301076,1909f56bfc062723c751e8b465ee728b)  -> (artifact id: '8b686cd3e3441eec8e6bca8d921da536') in 0.017398 seconds 
========================================================================
Received Import Request.
  Time since last request: 5.256304 seconds.
  path: Assets/2D Assets/Interactable/INT_DVDPlayer.png
  artifactKey: Guid(a3292be78d3351a41b91bbb11b270790) Importer(815301076,1909f56bfc062723c751e8b465ee728b)
Start importing Assets/2D Assets/Interactable/INT_DVDPlayer.png using Guid(a3292be78d3351a41b91bbb11b270790) Importer(815301076,1909f56bfc062723c751e8b465ee728b)  -> (artifact id: '2255894aa4af4541243a17b255c9c224') in 0.011103 seconds 
========================================================================
Received Import Request.
  Time since last request: 5.361540 seconds.
  path: Assets/2D Assets/Interactable/INT_DvDs.png
  artifactKey: Guid(9d3950698b4bdd04b845222116b9a271) Importer(815301076,1909f56bfc062723c751e8b465ee728b)
Start importing Assets/2D Assets/Interactable/INT_DvDs.png using Guid(9d3950698b4bdd04b845222116b9a271) Importer(815301076,1909f56bfc062723c751e8b465ee728b)  -> (artifact id: 'f92bdf52afe785cd71dd57eea418aa53') in 0.010403 seconds 
========================================================================
Received Import Request.
  Time since last request: 5.076159 seconds.
  path: Assets/2D Assets/Interactable/INT_Hat.png
  artifactKey: Guid(77547ad9c7753284aa7aa36f1a8f3585) Importer(815301076,1909f56bfc062723c751e8b465ee728b)
Start importing Assets/2D Assets/Interactable/INT_Hat.png using Guid(77547ad9c7753284aa7aa36f1a8f3585) Importer(815301076,1909f56bfc062723c751e8b465ee728b)  -> (artifact id: '9c87372989a2933db885245ac8d1eb77') in 0.013726 seconds 
========================================================================
Received Import Request.
  Time since last request: 4.783267 seconds.
  path: Assets/2D Assets/Interactable/INT_Jacket.png
  artifactKey: Guid(1ab266ac752cac34c961f9036129bfdd) Importer(815301076,1909f56bfc062723c751e8b465ee728b)
Start importing Assets/2D Assets/Interactable/INT_Jacket.png using Guid(1ab266ac752cac34c961f9036129bfdd) Importer(815301076,1909f56bfc062723c751e8b465ee728b)  -> (artifact id: '24d66414c33369e47191f9ed3f1f1e43') in 0.013130 seconds 
========================================================================
Received Import Request.
  Time since last request: 4.731982 seconds.
  path: Assets/2D Assets/Interactable/INT_Mouse.png
  artifactKey: Guid(dc18c6fd62d566849b7e499d029c7bf1) Importer(815301076,1909f56bfc062723c751e8b465ee728b)
Start importing Assets/2D Assets/Interactable/INT_Mouse.png using Guid(dc18c6fd62d566849b7e499d029c7bf1) Importer(815301076,1909f56bfc062723c751e8b465ee728b)  -> (artifact id: 'ddb0b775b5d28fd2e66667a991e294ee') in 0.011374 seconds 
========================================================================
Received Import Request.
  Time since last request: 6.424949 seconds.
  path: Assets/2D Assets/Interactable/INT_Pillow.png
  artifactKey: Guid(5a4a453a15082744798c4193efd16f1d) Importer(815301076,1909f56bfc062723c751e8b465ee728b)
Start importing Assets/2D Assets/Interactable/INT_Pillow.png using Guid(5a4a453a15082744798c4193efd16f1d) Importer(815301076,1909f56bfc062723c751e8b465ee728b)  -> (artifact id: 'c4e556e9db42803d178dd30d050bfcad') in 0.019047 seconds 
========================================================================
Received Import Request.
  Time since last request: 5.541708 seconds.
  path: Assets/2D Assets/Interactable/INT_Pop Vinyl.png
  artifactKey: Guid(8a1ca37d3dd47444bb711b1c80330330) Importer(815301076,1909f56bfc062723c751e8b465ee728b)
Start importing Assets/2D Assets/Interactable/INT_Pop Vinyl.png using Guid(8a1ca37d3dd47444bb711b1c80330330) Importer(815301076,1909f56bfc062723c751e8b465ee728b)  -> (artifact id: '660a9654253827ce421a9f0839556bb7') in 0.015388 seconds 
========================================================================
Received Import Request.
  Time since last request: 5.607515 seconds.
  path: Assets/2D Assets/Interactable/INT_PS5.png
  artifactKey: Guid(933eb7fefddcd984f81fff25d4b921c8) Importer(815301076,1909f56bfc062723c751e8b465ee728b)
Start importing Assets/2D Assets/Interactable/INT_PS5.png using Guid(933eb7fefddcd984f81fff25d4b921c8) Importer(815301076,1909f56bfc062723c751e8b465ee728b)  -> (artifact id: '9c754b4706d4f9b6e95ce4251ddf941d') in 0.010829 seconds 
========================================================================
Received Import Request.
  Time since last request: 3.848769 seconds.
  path: Assets/2D Assets/Interactable/INT_TV.png
  artifactKey: Guid(97e396eed45dd5a4f90a812af29da796) Importer(815301076,1909f56bfc062723c751e8b465ee728b)
Start importing Assets/2D Assets/Interactable/INT_TV.png using Guid(97e396eed45dd5a4f90a812af29da796) Importer(815301076,1909f56bfc062723c751e8b465ee728b)  -> (artifact id: '675be27d863ef0c89926995c37bb7d36') in 0.012407 seconds 
========================================================================
Received Import Request.
  Time since last request: 3.825380 seconds.
  path: Assets/2D Assets/Interactable/INT_Vase.png
  artifactKey: Guid(d27c4ab0022cd6244bf9aaa0b42ea861) Importer(815301076,1909f56bfc062723c751e8b465ee728b)
Start importing Assets/2D Assets/Interactable/INT_Vase.png using Guid(d27c4ab0022cd6244bf9aaa0b42ea861) Importer(815301076,1909f56bfc062723c751e8b465ee728b)  -> (artifact id: '32f0cf69830640514af61d1f624807f2') in 0.012169 seconds 
========================================================================
Received Prepare
Registering precompiled user dll's ...
Registered in 0.006809 seconds.
Begin MonoManager ReloadAssembly
Native extension for WindowsStandalone target not found
Refreshing native plugins compatible for Editor in 0.93 ms, found 2 plugins.
Preloading 0 native plugins for Editor in 0.00 ms.
Mono: successfully reloaded assembly
- Completed reload, in  1.131 seconds
Platform modules already initialized, skipping
Refreshing native plugins compatible for Editor in 0.74 ms, found 2 plugins.
Preloading 0 native plugins for Editor in 0.00 ms.
Unloading 3380 Unused Serialized files (Serialized files now loaded: 0)
System memory in use before: 155.5 MB.
System memory in use after: 155.7 MB.

Unloading 13 unused Assets to reduce memory usage. Loaded Objects now: 4567.
Total: 2.862700 ms (FindLiveObjects: 0.427000 ms CreateObjectMapping: 0.203200 ms MarkObjects: 2.212000 ms  DeleteObjects: 0.019800 ms)

========================================================================
Received Import Request.
  Time since last request: 311.156829 seconds.
  path: Assets/2D Assets/Lena/L_Body.png
  artifactKey: Guid(936e1d2915568bf429698f12784fcd74) Importer(815301076,1909f56bfc062723c751e8b465ee728b)
Start importing Assets/2D Assets/Lena/L_Body.png using Guid(936e1d2915568bf429698f12784fcd74) Importer(815301076,1909f56bfc062723c751e8b465ee728b)  -> (artifact id: 'b866f45f880538ade5c27009cf055051') in 0.058268 seconds 
========================================================================
Received Import Request.
  Time since last request: 0.000391 seconds.
  path: Assets/2D Assets/Lena/L_Nose.png
  artifactKey: Guid(56518d972f36fd143916245293dcd615) Importer(815301076,1909f56bfc062723c751e8b465ee728b)
Start importing Assets/2D Assets/Lena/L_Nose.png using Guid(56518d972f36fd143916245293dcd615) Importer(815301076,1909f56bfc062723c751e8b465ee728b)  -> (artifact id: 'b812bb0f15c3989f5b23ef660c378aa5') in 0.014943 seconds 
========================================================================
Received Import Request.
  Time since last request: 0.000488 seconds.
  path: Assets/2D Assets/Lena/L_left Eye.png
  artifactKey: Guid(f54db15e6ea92d64d95d920319515cde) Importer(815301076,1909f56bfc062723c751e8b465ee728b)
Start importing Assets/2D Assets/Lena/L_left Eye.png using Guid(f54db15e6ea92d64d95d920319515cde) Importer(815301076,1909f56bfc062723c751e8b465ee728b)  -> (artifact id: '16dea1a4dfa6585f257f479e84b2ff56') in 0.018348 seconds 
========================================================================
Received Import Request.
  Time since last request: 0.000432 seconds.
  path: Assets/2D Assets/Lena/L_Left ear.png
  artifactKey: Guid(f9ea29e534f55b040a44020baaac5b19) Importer(815301076,1909f56bfc062723c751e8b465ee728b)
Start importing Assets/2D Assets/Lena/L_Left ear.png using Guid(f9ea29e534f55b040a44020baaac5b19) Importer(815301076,1909f56bfc062723c751e8b465ee728b)  -> (artifact id: '3248bca488898fff7712b5eb8f87da6c') in 0.015258 seconds 
========================================================================
Received Import Request.
  Time since last request: 0.000353 seconds.
  path: Assets/2D Assets/Lena/L_Right Ear.png
  artifactKey: Guid(b56d16e77f1541541a39b136608f5a77) Importer(815301076,1909f56bfc062723c751e8b465ee728b)
Start importing Assets/2D Assets/Lena/L_Right Ear.png using Guid(b56d16e77f1541541a39b136608f5a77) Importer(815301076,1909f56bfc062723c751e8b465ee728b)  -> (artifact id: '8c1ce39fc6d4ccfe9878a971191c3eb3') in 0.020448 seconds 
========================================================================
Received Import Request.
  Time since last request: 0.000456 seconds.
  path: Assets/2D Assets/Lena/L_Tail.png
  artifactKey: Guid(55b3f01a55a02a945b7669b66ccd676b) Importer(815301076,1909f56bfc062723c751e8b465ee728b)
Start importing Assets/2D Assets/Lena/L_Tail.png using Guid(55b3f01a55a02a945b7669b66ccd676b) Importer(815301076,1909f56bfc062723c751e8b465ee728b)  -> (artifact id: '4aac9002bf39f5a4665dfe8e2553171d') in 0.012393 seconds 
========================================================================
Received Import Request.
  Time since last request: 0.000378 seconds.
  path: Assets/2D Assets/Lena/L_Head.png
  artifactKey: Guid(306895b019ff0774db607ea21b22f850) Importer(815301076,1909f56bfc062723c751e8b465ee728b)
Start importing Assets/2D Assets/Lena/L_Head.png using Guid(306895b019ff0774db607ea21b22f850) Importer(815301076,1909f56bfc062723c751e8b465ee728b)  -> (artifact id: '68a02d1ec904af6ea39723e4791b6597') in 0.012611 seconds 
========================================================================
Received Import Request.
  Time since last request: 0.000450 seconds.
  path: Assets/2D Assets/Lena/L_EyeBall.png
  artifactKey: Guid(34cc74b50d52d2c46a2619ebd1fffc9d) Importer(815301076,1909f56bfc062723c751e8b465ee728b)
Start importing Assets/2D Assets/Lena/L_EyeBall.png using Guid(34cc74b50d52d2c46a2619ebd1fffc9d) Importer(815301076,1909f56bfc062723c751e8b465ee728b)  -> (artifact id: '4c86e4ec4e38b037047885392ff6d4cb') in 0.009901 seconds 
========================================================================
Received Import Request.
  Time since last request: 5.959884 seconds.
  path: Assets/2D Assets/Lena/L_Body.png
  artifactKey: Guid(936e1d2915568bf429698f12784fcd74) Importer(815301076,1909f56bfc062723c751e8b465ee728b)
Start importing Assets/2D Assets/Lena/L_Body.png using Guid(936e1d2915568bf429698f12784fcd74) Importer(815301076,1909f56bfc062723c751e8b465ee728b)  -> (artifact id: '227b84bd52055dee3c54e945901188ad') in 0.013034 seconds 
========================================================================
Received Import Request.
  Time since last request: 4.567845 seconds.
  path: Assets/2D Assets/Lena/L_EyeBall.png
  artifactKey: Guid(34cc74b50d52d2c46a2619ebd1fffc9d) Importer(815301076,1909f56bfc062723c751e8b465ee728b)
Start importing Assets/2D Assets/Lena/L_EyeBall.png using Guid(34cc74b50d52d2c46a2619ebd1fffc9d) Importer(815301076,1909f56bfc062723c751e8b465ee728b)  -> (artifact id: '243dad2966758bc48582d0546a809486') in 0.011341 seconds 
========================================================================
Received Import Request.
  Time since last request: 4.549726 seconds.
  path: Assets/2D Assets/Lena/L_Head.png
  artifactKey: Guid(306895b019ff0774db607ea21b22f850) Importer(815301076,1909f56bfc062723c751e8b465ee728b)
Start importing Assets/2D Assets/Lena/L_Head.png using Guid(306895b019ff0774db607ea21b22f850) Importer(815301076,1909f56bfc062723c751e8b465ee728b)  -> (artifact id: '399b9a7c6a4cca843098074c3fee380b') in 0.012158 seconds 
========================================================================
Received Import Request.
  Time since last request: 7.935181 seconds.
  path: Assets/2D Assets/Lena/L_Left ear.png
  artifactKey: Guid(f9ea29e534f55b040a44020baaac5b19) Importer(815301076,1909f56bfc062723c751e8b465ee728b)
Start importing Assets/2D Assets/Lena/L_Left ear.png using Guid(f9ea29e534f55b040a44020baaac5b19) Importer(815301076,1909f56bfc062723c751e8b465ee728b)  -> (artifact id: 'b8e5f67486c77e74472de4723a9b0ff1') in 0.011664 seconds 
========================================================================
Received Import Request.
  Time since last request: 5.065563 seconds.
  path: Assets/2D Assets/Lena/L_left Eye.png
  artifactKey: Guid(f54db15e6ea92d64d95d920319515cde) Importer(815301076,1909f56bfc062723c751e8b465ee728b)
Start importing Assets/2D Assets/Lena/L_left Eye.png using Guid(f54db15e6ea92d64d95d920319515cde) Importer(815301076,1909f56bfc062723c751e8b465ee728b)  -> (artifact id: '27d76825cc2ba7f1c2f3545043770611') in 0.010910 seconds 
========================================================================
Received Import Request.
  Time since last request: 4.478241 seconds.
  path: Assets/2D Assets/Lena/L_Nose.png
  artifactKey: Guid(56518d972f36fd143916245293dcd615) Importer(815301076,1909f56bfc062723c751e8b465ee728b)
Start importing Assets/2D Assets/Lena/L_Nose.png using Guid(56518d972f36fd143916245293dcd615) Importer(815301076,1909f56bfc062723c751e8b465ee728b)  -> (artifact id: '3b9b07e6b29b26378ea18b6fb0a9bccb') in 0.011190 seconds 
========================================================================
Received Import Request.
  Time since last request: 4.141690 seconds.
  path: Assets/2D Assets/Lena/L_Right Ear.png
  artifactKey: Guid(b56d16e77f1541541a39b136608f5a77) Importer(815301076,1909f56bfc062723c751e8b465ee728b)
Start importing Assets/2D Assets/Lena/L_Right Ear.png using Guid(b56d16e77f1541541a39b136608f5a77) Importer(815301076,1909f56bfc062723c751e8b465ee728b)  -> (artifact id: 'f237f9dc16a430c309bd115433d3ae4a') in 0.011511 seconds 
========================================================================
Received Import Request.
  Time since last request: 4.176436 seconds.
  path: Assets/2D Assets/Lena/L_Tail.png
  artifactKey: Guid(55b3f01a55a02a945b7669b66ccd676b) Importer(815301076,1909f56bfc062723c751e8b465ee728b)
Start importing Assets/2D Assets/Lena/L_Tail.png using Guid(55b3f01a55a02a945b7669b66ccd676b) Importer(815301076,1909f56bfc062723c751e8b465ee728b)  -> (artifact id: '213e0093f26143e6044fb56fbdd72fb2') in 0.012841 seconds 
========================================================================
Received Import Request.
  Time since last request: 187.046122 seconds.
  path: Assets/2D Assets/UI
  artifactKey: Guid(717310cfc4b7d164e8c73006cb57c106) Importer(815301076,1909f56bfc062723c751e8b465ee728b)
Start importing Assets/2D Assets/UI using Guid(717310cfc4b7d164e8c73006cb57c106) Importer(815301076,1909f56bfc062723c751e8b465ee728b)  -> (artifact id: 'ffe88ba5f389835e1d4000a0b36bc5de') in 0.003486 seconds 
========================================================================
Received Import Request.
  Time since last request: 9.594225 seconds.
  path: Assets/2D Assets/UI/UI_BOOM.png
  artifactKey: Guid(a5376fcba0b871e44bf03ddf58572dba) Importer(815301076,1909f56bfc062723c751e8b465ee728b)
Start importing Assets/2D Assets/UI/UI_BOOM.png using Guid(a5376fcba0b871e44bf03ddf58572dba) Importer(815301076,1909f56bfc062723c751e8b465ee728b)  -> (artifact id: '15a5c5003dfe22d66c5fd10961377601') in 0.016286 seconds 
========================================================================
Received Import Request.
  Time since last request: 0.000443 seconds.
  path: Assets/2D Assets/UI/UI_Tail Timer.png
  artifactKey: Guid(1e6931a01e4d55548a9a74115fb6580a) Importer(815301076,1909f56bfc062723c751e8b465ee728b)
Start importing Assets/2D Assets/UI/UI_Tail Timer.png using Guid(1e6931a01e4d55548a9a74115fb6580a) Importer(815301076,1909f56bfc062723c751e8b465ee728b)  -> (artifact id: 'a349ac81142ae9edbc067a1c93a32ab2') in 0.012719 seconds 
========================================================================
Received Import Request.
  Time since last request: 6.577667 seconds.
  path: Assets/2D Assets/UI/UI_BOOM.png
  artifactKey: Guid(a5376fcba0b871e44bf03ddf58572dba) Importer(815301076,1909f56bfc062723c751e8b465ee728b)
Start importing Assets/2D Assets/UI/UI_BOOM.png using Guid(a5376fcba0b871e44bf03ddf58572dba) Importer(815301076,1909f56bfc062723c751e8b465ee728b)  -> (artifact id: '6e8bf5af59c68fa0830085c4279f80c2') in 0.012682 seconds 
========================================================================
Received Import Request.
  Time since last request: 5.074926 seconds.
  path: Assets/2D Assets/UI/UI_Tail Timer.png
  artifactKey: Guid(1e6931a01e4d55548a9a74115fb6580a) Importer(815301076,1909f56bfc062723c751e8b465ee728b)
Start importing Assets/2D Assets/UI/UI_Tail Timer.png using Guid(1e6931a01e4d55548a9a74115fb6580a) Importer(815301076,1909f56bfc062723c751e8b465ee728b)  -> (artifact id: '29d8f414f86d185babf1af9e81497982') in 0.011950 seconds 
AssetImportWorkerClient::OnTransportError - code=2 error=End of file
